[1207/111645.077:INFO:CONSOLE(2)] "Synchronous XMLHttpRequest on the main thread is deprecated because of its detrimental effects to the end user's experience. For more help, check https://xhr.spec.whatwg.org/.", source: http://37.64.0.70/static/js/jquery-3.4.1.min.js (2)
[1207/111645.077:ERROR:service_manager.cc(157)] Connection InterfaceProviderSpec prevented service: content_renderer from binding interface: blink::mojom::ReportingServiceProxy exposed by: content_browser
[1207/111649.340:INFO:CONSOLE(1)] "vsdata loaded!", source: http://37.64.0.70/static/js/videoscene.js (1)
[1207/140813.466:ERROR:service_manager.cc(157)] Connection InterfaceProviderSpec prevented service: content_renderer from binding interface: blink::mojom::ReportingServiceProxy exposed by: content_browser
[1207/140813.472:INFO:CONSOLE(2)] "Synchronous XMLHttpRequest on the main thread is deprecated because of its detrimental effects to the end user's experience. For more help, check https://xhr.spec.whatwg.org/.", source: http://37.64.0.70/static/js/jquery-3.4.1.min.js (2)
[1207/140817.453:INFO:CONSOLE(1)] "vsdata loaded!", source: http://37.64.0.70/static/js/videoscene.js (1)
[1207/152439.464:INFO:CONSOLE(720)] "A parser-blocking, cross site (i.e. different eTLD+1) script, https://dss1.bdstatic.com/5eN1bjq8AAUYm2zgoY3K/r/www/cache/static/protocol/https/global/js/all_async_search_71ba635.js, is invoked via document.write. The network request for this script MAY be blocked by the browser in this or a future page load due to poor network connectivity. If blocked in this page load, it will be confirmed in a subsequent console message. See https://www.chromestatus.com/feature/5718547946799104 for more details.", source: https://www.baidu.com/ (720)
[1207/152439.464:INFO:CONSOLE(720)] "A parser-blocking, cross site (i.e. different eTLD+1) script, https://dss1.bdstatic.com/5eN1bjq8AAUYm2zgoY3K/r/www/cache/static/protocol/https/global/js/all_async_search_71ba635.js, is invoked via document.write. The network request for this script MAY be blocked by the browser in this or a future page load due to poor network connectivity. If blocked in this page load, it will be confirmed in a subsequent console message. See https://www.chromestatus.com/feature/5718547946799104 for more details.", source: https://www.baidu.com/ (720)
[1207/152439.484:INFO:CONSOLE(181)] "你在电脑前看这段文字，
写文字的人在百度等你。
N年前你来到了这个世界，
N年后你想改变世界。

期待你脚踏祥云，
与百度一起改变世界。
", source: https://dss1.bdstatic.com/5eN1bjq8AAUYm2zgoY3K/r/www/cache/static/protocol/https/global/js/all_async_search_71ba635.js (181)
[1207/152439.484:INFO:CONSOLE(181)] "%c百度2020校园招聘简历提交：http://dwz.cn/XpoFdepe", source: https://dss1.bdstatic.com/5eN1bjq8AAUYm2zgoY3K/r/www/cache/static/protocol/https/global/js/all_async_search_71ba635.js (181)
[1207/152647.601:INFO:CONSOLE(720)] "A parser-blocking, cross site (i.e. different eTLD+1) script, https://dss1.bdstatic.com/5eN1bjq8AAUYm2zgoY3K/r/www/cache/static/protocol/https/global/js/all_async_search_71ba635.js, is invoked via document.write. The network request for this script MAY be blocked by the browser in this or a future page load due to poor network connectivity. If blocked in this page load, it will be confirmed in a subsequent console message. See https://www.chromestatus.com/feature/5718547946799104 for more details.", source: https://www.baidu.com/ (720)
[1207/152647.602:INFO:CONSOLE(720)] "A parser-blocking, cross site (i.e. different eTLD+1) script, https://dss1.bdstatic.com/5eN1bjq8AAUYm2zgoY3K/r/www/cache/static/protocol/https/global/js/all_async_search_71ba635.js, is invoked via document.write. The network request for this script MAY be blocked by the browser in this or a future page load due to poor network connectivity. If blocked in this page load, it will be confirmed in a subsequent console message. See https://www.chromestatus.com/feature/5718547946799104 for more details.", source: https://www.baidu.com/ (720)
[1207/152647.736:INFO:CONSOLE(181)] "你在电脑前看这段文字，
写文字的人在百度等你。
N年前你来到了这个世界，
N年后你想改变世界。

期待你脚踏祥云，
与百度一起改变世界。
", source: https://dss1.bdstatic.com/5eN1bjq8AAUYm2zgoY3K/r/www/cache/static/protocol/https/global/js/all_async_search_71ba635.js (181)
[1207/152647.737:INFO:CONSOLE(181)] "%c百度2020校园招聘简历提交：http://dwz.cn/XpoFdepe", source: https://dss1.bdstatic.com/5eN1bjq8AAUYm2zgoY3K/r/www/cache/static/protocol/https/global/js/all_async_search_71ba635.js (181)
[1207/152708.588:INFO:CONSOLE(720)] "A parser-blocking, cross site (i.e. different eTLD+1) script, https://dss1.bdstatic.com/5eN1bjq8AAUYm2zgoY3K/r/www/cache/static/protocol/https/global/js/all_async_search_71ba635.js, is invoked via document.write. The network request for this script MAY be blocked by the browser in this or a future page load due to poor network connectivity. If blocked in this page load, it will be confirmed in a subsequent console message. See https://www.chromestatus.com/feature/5718547946799104 for more details.", source: https://www.baidu.com/ (720)
[1207/152708.590:INFO:CONSOLE(720)] "A parser-blocking, cross site (i.e. different eTLD+1) script, https://dss1.bdstatic.com/5eN1bjq8AAUYm2zgoY3K/r/www/cache/static/protocol/https/global/js/all_async_search_71ba635.js, is invoked via document.write. The network request for this script MAY be blocked by the browser in this or a future page load due to poor network connectivity. If blocked in this page load, it will be confirmed in a subsequent console message. See https://www.chromestatus.com/feature/5718547946799104 for more details.", source: https://www.baidu.com/ (720)
[1207/152708.618:INFO:CONSOLE(181)] "你在电脑前看这段文字，
写文字的人在百度等你。
N年前你来到了这个世界，
N年后你想改变世界。

期待你脚踏祥云，
与百度一起改变世界。
", source: https://dss1.bdstatic.com/5eN1bjq8AAUYm2zgoY3K/r/www/cache/static/protocol/https/global/js/all_async_search_71ba635.js (181)
[1207/152708.619:INFO:CONSOLE(181)] "%c百度2020校园招聘简历提交：http://dwz.cn/XpoFdepe", source: https://dss1.bdstatic.com/5eN1bjq8AAUYm2zgoY3K/r/www/cache/static/protocol/https/global/js/all_async_search_71ba635.js (181)
[1207/152709.345:INFO:CONSOLE(720)] "A parser-blocking, cross site (i.e. different eTLD+1) script, https://dss1.bdstatic.com/5eN1bjq8AAUYm2zgoY3K/r/www/cache/static/protocol/https/global/js/all_async_search_71ba635.js, is invoked via document.write. The network request for this script MAY be blocked by the browser in this or a future page load due to poor network connectivity. If blocked in this page load, it will be confirmed in a subsequent console message. See https://www.chromestatus.com/feature/5718547946799104 for more details.", source: https://www.baidu.com/ (720)
[1207/152709.345:INFO:CONSOLE(720)] "A parser-blocking, cross site (i.e. different eTLD+1) script, https://dss1.bdstatic.com/5eN1bjq8AAUYm2zgoY3K/r/www/cache/static/protocol/https/global/js/all_async_search_71ba635.js, is invoked via document.write. The network request for this script MAY be blocked by the browser in this or a future page load due to poor network connectivity. If blocked in this page load, it will be confirmed in a subsequent console message. See https://www.chromestatus.com/feature/5718547946799104 for more details.", source: https://www.baidu.com/ (720)
[1207/152709.373:INFO:CONSOLE(181)] "你在电脑前看这段文字，
写文字的人在百度等你。
N年前你来到了这个世界，
N年后你想改变世界。

期待你脚踏祥云，
与百度一起改变世界。
", source: https://dss1.bdstatic.com/5eN1bjq8AAUYm2zgoY3K/r/www/cache/static/protocol/https/global/js/all_async_search_71ba635.js (181)
[1207/152709.374:INFO:CONSOLE(181)] "%c百度2020校园招聘简历提交：http://dwz.cn/XpoFdepe", source: https://dss1.bdstatic.com/5eN1bjq8AAUYm2zgoY3K/r/www/cache/static/protocol/https/global/js/all_async_search_71ba635.js (181)
[1207/152709.915:INFO:CONSOLE(720)] "A parser-blocking, cross site (i.e. different eTLD+1) script, https://dss1.bdstatic.com/5eN1bjq8AAUYm2zgoY3K/r/www/cache/static/protocol/https/global/js/all_async_search_71ba635.js, is invoked via document.write. The network request for this script MAY be blocked by the browser in this or a future page load due to poor network connectivity. If blocked in this page load, it will be confirmed in a subsequent console message. See https://www.chromestatus.com/feature/5718547946799104 for more details.", source: https://www.baidu.com/ (720)
[1207/152709.915:INFO:CONSOLE(720)] "A parser-blocking, cross site (i.e. different eTLD+1) script, https://dss1.bdstatic.com/5eN1bjq8AAUYm2zgoY3K/r/www/cache/static/protocol/https/global/js/all_async_search_71ba635.js, is invoked via document.write. The network request for this script MAY be blocked by the browser in this or a future page load due to poor network connectivity. If blocked in this page load, it will be confirmed in a subsequent console message. See https://www.chromestatus.com/feature/5718547946799104 for more details.", source: https://www.baidu.com/ (720)
[1207/152709.918:INFO:CONSOLE(181)] "你在电脑前看这段文字，
写文字的人在百度等你。
N年前你来到了这个世界，
N年后你想改变世界。

期待你脚踏祥云，
与百度一起改变世界。
", source: https://dss1.bdstatic.com/5eN1bjq8AAUYm2zgoY3K/r/www/cache/static/protocol/https/global/js/all_async_search_71ba635.js (181)
[1207/152709.918:INFO:CONSOLE(181)] "%c百度2020校园招聘简历提交：http://dwz.cn/XpoFdepe", source: https://dss1.bdstatic.com/5eN1bjq8AAUYm2zgoY3K/r/www/cache/static/protocol/https/global/js/all_async_search_71ba635.js (181)
[1207/152710.456:INFO:CONSOLE(720)] "A parser-blocking, cross site (i.e. different eTLD+1) script, https://dss1.bdstatic.com/5eN1bjq8AAUYm2zgoY3K/r/www/cache/static/protocol/https/global/js/all_async_search_71ba635.js, is invoked via document.write. The network request for this script MAY be blocked by the browser in this or a future page load due to poor network connectivity. If blocked in this page load, it will be confirmed in a subsequent console message. See https://www.chromestatus.com/feature/5718547946799104 for more details.", source: https://www.baidu.com/ (720)
[1207/152710.457:INFO:CONSOLE(720)] "A parser-blocking, cross site (i.e. different eTLD+1) script, https://dss1.bdstatic.com/5eN1bjq8AAUYm2zgoY3K/r/www/cache/static/protocol/https/global/js/all_async_search_71ba635.js, is invoked via document.write. The network request for this script MAY be blocked by the browser in this or a future page load due to poor network connectivity. If blocked in this page load, it will be confirmed in a subsequent console message. See https://www.chromestatus.com/feature/5718547946799104 for more details.", source: https://www.baidu.com/ (720)
[1207/152710.461:INFO:CONSOLE(181)] "你在电脑前看这段文字，
写文字的人在百度等你。
N年前你来到了这个世界，
N年后你想改变世界。

期待你脚踏祥云，
与百度一起改变世界。
", source: https://dss1.bdstatic.com/5eN1bjq8AAUYm2zgoY3K/r/www/cache/static/protocol/https/global/js/all_async_search_71ba635.js (181)
[1207/152710.461:INFO:CONSOLE(181)] "%c百度2020校园招聘简历提交：http://dwz.cn/XpoFdepe", source: https://dss1.bdstatic.com/5eN1bjq8AAUYm2zgoY3K/r/www/cache/static/protocol/https/global/js/all_async_search_71ba635.js (181)
[1207/152711.045:INFO:CONSOLE(720)] "A parser-blocking, cross site (i.e. different eTLD+1) script, https://dss1.bdstatic.com/5eN1bjq8AAUYm2zgoY3K/r/www/cache/static/protocol/https/global/js/all_async_search_71ba635.js, is invoked via document.write. The network request for this script MAY be blocked by the browser in this or a future page load due to poor network connectivity. If blocked in this page load, it will be confirmed in a subsequent console message. See https://www.chromestatus.com/feature/5718547946799104 for more details.", source: https://www.baidu.com/ (720)
[1207/152711.046:INFO:CONSOLE(720)] "A parser-blocking, cross site (i.e. different eTLD+1) script, https://dss1.bdstatic.com/5eN1bjq8AAUYm2zgoY3K/r/www/cache/static/protocol/https/global/js/all_async_search_71ba635.js, is invoked via document.write. The network request for this script MAY be blocked by the browser in this or a future page load due to poor network connectivity. If blocked in this page load, it will be confirmed in a subsequent console message. See https://www.chromestatus.com/feature/5718547946799104 for more details.", source: https://www.baidu.com/ (720)
[1207/152711.049:INFO:CONSOLE(181)] "你在电脑前看这段文字，
写文字的人在百度等你。
N年前你来到了这个世界，
N年后你想改变世界。

期待你脚踏祥云，
与百度一起改变世界。
", source: https://dss1.bdstatic.com/5eN1bjq8AAUYm2zgoY3K/r/www/cache/static/protocol/https/global/js/all_async_search_71ba635.js (181)
[1207/152711.050:INFO:CONSOLE(181)] "%c百度2020校园招聘简历提交：http://dwz.cn/XpoFdepe", source: https://dss1.bdstatic.com/5eN1bjq8AAUYm2zgoY3K/r/www/cache/static/protocol/https/global/js/all_async_search_71ba635.js (181)
[1207/153118.324:INFO:CONSOLE(720)] "A parser-blocking, cross site (i.e. different eTLD+1) script, https://dss1.bdstatic.com/5eN1bjq8AAUYm2zgoY3K/r/www/cache/static/protocol/https/global/js/all_async_search_71ba635.js, is invoked via document.write. The network request for this script MAY be blocked by the browser in this or a future page load due to poor network connectivity. If blocked in this page load, it will be confirmed in a subsequent console message. See https://www.chromestatus.com/feature/5718547946799104 for more details.", source: https://www.baidu.com/ (720)
[1207/153118.326:INFO:CONSOLE(720)] "A parser-blocking, cross site (i.e. different eTLD+1) script, https://dss1.bdstatic.com/5eN1bjq8AAUYm2zgoY3K/r/www/cache/static/protocol/https/global/js/all_async_search_71ba635.js, is invoked via document.write. The network request for this script MAY be blocked by the browser in this or a future page load due to poor network connectivity. If blocked in this page load, it will be confirmed in a subsequent console message. See https://www.chromestatus.com/feature/5718547946799104 for more details.", source: https://www.baidu.com/ (720)
[1207/153118.343:INFO:CONSOLE(181)] "你在电脑前看这段文字，
写文字的人在百度等你。
N年前你来到了这个世界，
N年后你想改变世界。

期待你脚踏祥云，
与百度一起改变世界。
", source: https://dss1.bdstatic.com/5eN1bjq8AAUYm2zgoY3K/r/www/cache/static/protocol/https/global/js/all_async_search_71ba635.js (181)
[1207/153118.344:INFO:CONSOLE(181)] "%c百度2020校园招聘简历提交：http://dwz.cn/XpoFdepe", source: https://dss1.bdstatic.com/5eN1bjq8AAUYm2zgoY3K/r/www/cache/static/protocol/https/global/js/all_async_search_71ba635.js (181)
[0329/161437.436:INFO:CONSOLE(203)] "A parser-blocking, cross site (i.e. different eTLD+1) script, https://ss1.bdstatic.com/5eN1bjq8AAUYm2zgoY3K/r/www/cache/static/protocol/https/bundles/polyfill_9354efa.js, is invoked via document.write. The network request for this script MAY be blocked by the browser in this or a future page load due to poor network connectivity. If blocked in this page load, it will be confirmed in a subsequent console message. See https://www.chromestatus.com/feature/5718547946799104 for more details.", source: https://www.baidu.com/ (203)
[0329/161437.437:INFO:CONSOLE(203)] "A parser-blocking, cross site (i.e. different eTLD+1) script, https://ss1.bdstatic.com/5eN1bjq8AAUYm2zgoY3K/r/www/cache/static/protocol/https/bundles/polyfill_9354efa.js, is invoked via document.write. The network request for this script MAY be blocked by the browser in this or a future page load due to poor network connectivity. If blocked in this page load, it will be confirmed in a subsequent console message. See https://www.chromestatus.com/feature/5718547946799104 for more details.", source: https://www.baidu.com/ (203)
[0329/161437.437:INFO:CONSOLE(203)] "A parser-blocking, cross site (i.e. different eTLD+1) script, https://ss1.bdstatic.com/5eN1bjq8AAUYm2zgoY3K/r/www/cache/static/protocol/https/global/js/all_async_search_1646f36.js, is invoked via document.write. The network request for this script MAY be blocked by the browser in this or a future page load due to poor network connectivity. If blocked in this page load, it will be confirmed in a subsequent console message. See https://www.chromestatus.com/feature/5718547946799104 for more details.", source: https://www.baidu.com/ (203)
[0329/161437.538:INFO:CONSOLE(211)] "每一个星球都有一个驱动核心，
每一种思想都有影响力的种子。
感受世界的温度，
年轻的你也能成为改变世界的动力，
百度珍惜你所有的潜力。
你的潜力，是改变世界的动力！

", source: https://ss1.bdstatic.com/5eN1bjq8AAUYm2zgoY3K/r/www/cache/static/protocol/https/global/js/all_async_search_1646f36.js (211)
[0329/161437.538:INFO:CONSOLE(211)] "%c百度2021校园招聘简历投递：https://talent.baidu.com/external/baidu/campus.html", source: https://ss1.bdstatic.com/5eN1bjq8AAUYm2zgoY3K/r/www/cache/static/protocol/https/global/js/all_async_search_1646f36.js (211)
[0329/161519.057:WARNING:angle_platform_impl.cc(51)] rx::HLSLCompiler::compileToBinary(228): 
C:\fakepath(60,24-44): warning X3571: pow(f, e) will not work for negative f, use abs(f) or conditionally handle negative values if you expect them

[0329/161519.368:INFO:CONSOLE(1)] "%c
                     //
         \\         //
          \\       //
    ##DDDDDDDDDDDDDDDDDDDDDD##
    ## DDDDDDDDDDDDDDDDDDDD ##   ________   ___   ___        ___   ________   ___   ___        ___
    ## hh                hh ##   |\   __  \ |\  \ |\  \      |\  \ |\   __  \ |\  \ |\  \      |\  \
    ## hh    //    \\    hh ##   \ \  \|\ /_\ \  \\ \  \     \ \  \\ \  \|\ /_\ \  \\ \  \     \ \  \
    ## hh   //      \\   hh ##    \ \   __  \\ \  \\ \  \     \ \  \\ \   __  \\ \  \\ \  \     \ \  \
    ## hh                hh ##     \ \  \|\  \\ \  \\ \  \____ \ \  \\ \  \|\  \\ \  \\ \  \____ \ \  \
    ## hh      wwww      hh ##      \ \_______\\ \__\\ \_______\\ \__\\ \_______\\ \__\\ \_______\\ \__\
    ## hh                hh ##       \|_______| \|__| \|_______| \|__| \|_______| \|__| \|_______| \|__|
    ## MMMMMMMMMMMMMMMMMMMM ##
    ##MMMMMMMMMMMMMMMMMMMMMM##                             Release 2.6.1. Powered by jinkela-core 2.8.5.
         \/            \/", source: https://s1.hdslb.com/bfs/static/jinkela/video/stardust-video.ac11e3d7684787c8d34791d1bf929aee37da33f8.js (1)
[0329/161521.587:INFO:CONSOLE(338)] "load module pbp", source: https://s1.hdslb.com/bfs/static/player/main/widgets/jsc-player.1989c705.js (338)
[0329/161521.591:ERROR:quota_settings.cc(95)] Unable to compute QuotaSettings.
[0329/161521.591:WARNING:quota_manager.cc(1629)] No storage quota provided in QuotaSettings.
[0329/161521.869:INFO:CONSOLE(353)] "[Websocket]: On Open.", source: https://s1.hdslb.com/bfs/static/player/main/widgets/jsc-player.1989c705.js (353)
[0329/161624.070:ERROR:quota_settings.cc(95)] Unable to compute QuotaSettings.
[0329/161624.071:WARNING:quota_manager.cc(1629)] No storage quota provided in QuotaSettings.
[0329/161724.074:ERROR:quota_settings.cc(95)] Unable to compute QuotaSettings.
[0329/161724.074:WARNING:quota_manager.cc(1629)] No storage quota provided in QuotaSettings.
[0329/161839.072:ERROR:quota_settings.cc(95)] Unable to compute QuotaSettings.
[0329/161839.073:WARNING:quota_manager.cc(1629)] No storage quota provided in QuotaSettings.
[0329/173214.216:INFO:CONSOLE(203)] "A parser-blocking, cross site (i.e. different eTLD+1) script, https://ss1.bdstatic.com/5eN1bjq8AAUYm2zgoY3K/r/www/cache/static/protocol/https/bundles/polyfill_9354efa.js, is invoked via document.write. The network request for this script MAY be blocked by the browser in this or a future page load due to poor network connectivity. If blocked in this page load, it will be confirmed in a subsequent console message. See https://www.chromestatus.com/feature/5718547946799104 for more details.", source: https://www.baidu.com/ (203)
[0329/173214.217:INFO:CONSOLE(203)] "A parser-blocking, cross site (i.e. different eTLD+1) script, https://ss1.bdstatic.com/5eN1bjq8AAUYm2zgoY3K/r/www/cache/static/protocol/https/bundles/polyfill_9354efa.js, is invoked via document.write. The network request for this script MAY be blocked by the browser in this or a future page load due to poor network connectivity. If blocked in this page load, it will be confirmed in a subsequent console message. See https://www.chromestatus.com/feature/5718547946799104 for more details.", source: https://www.baidu.com/ (203)
[0329/173214.217:INFO:CONSOLE(203)] "A parser-blocking, cross site (i.e. different eTLD+1) script, https://ss1.bdstatic.com/5eN1bjq8AAUYm2zgoY3K/r/www/cache/static/protocol/https/global/js/all_async_search_1646f36.js, is invoked via document.write. The network request for this script MAY be blocked by the browser in this or a future page load due to poor network connectivity. If blocked in this page load, it will be confirmed in a subsequent console message. See https://www.chromestatus.com/feature/5718547946799104 for more details.", source: https://www.baidu.com/ (203)
[0329/173214.301:INFO:CONSOLE(211)] "每一个星球都有一个驱动核心，
每一种思想都有影响力的种子。
感受世界的温度，
年轻的你也能成为改变世界的动力，
百度珍惜你所有的潜力。
你的潜力，是改变世界的动力！

", source: https://ss1.bdstatic.com/5eN1bjq8AAUYm2zgoY3K/r/www/cache/static/protocol/https/global/js/all_async_search_1646f36.js (211)
[0329/173214.302:INFO:CONSOLE(211)] "%c百度2021校园招聘简历投递：https://talent.baidu.com/external/baidu/campus.html", source: https://ss1.bdstatic.com/5eN1bjq8AAUYm2zgoY3K/r/www/cache/static/protocol/https/global/js/all_async_search_1646f36.js (211)
[0525/164131.785:ERROR:cache_util_win.cc(20)] Unable to move the cache: 5
[0525/164131.808:ERROR:cache_util.cc(134)] Unable to move cache folder GPUCache to old_GPUCache_000
[0525/164131.808:ERROR:disk_cache.cc(169)] Unable to create cache
[0525/164131.808:ERROR:shader_disk_cache.cc(601)] Shader Cache Creation failed: -2
[0525/164141.344:INFO:CONSOLE(1)] "ddd process.env.API_ENV == ", source: http://h5web-test.jiaoyoushow.com/h5/pcAudioList/static/js/app.afa3f2691696fc9e9853.js (1)
[0525/164145.130:ERROR:ssl_client_socket_impl.cc(1084)] handshake failed; returned -1, SSL error code 1, net_error -100
[0525/164145.130:ERROR:ssl_client_socket_impl.cc(1084)] handshake failed; returned -1, SSL error code 1, net_error -100
[0525/164342.341:INFO:CONSOLE(1)] "底部**************", source: http://h5web-test.jiaoyoushow.com/h5/pcAudioList/static/js/app.afa3f2691696fc9e9853.js (1)
[0525/164344.059:INFO:CONSOLE(1)] "底部**************", source: http://h5web-test.jiaoyoushow.com/h5/pcAudioList/static/js/app.afa3f2691696fc9e9853.js (1)
[0525/164344.509:INFO:CONSOLE(1)] "底部**************", source: http://h5web-test.jiaoyoushow.com/h5/pcAudioList/static/js/app.afa3f2691696fc9e9853.js (1)
[0525/164346.078:INFO:CONSOLE(1)] "底部**************", source: http://h5web-test.jiaoyoushow.com/h5/pcAudioList/static/js/app.afa3f2691696fc9e9853.js (1)
[0525/164347.726:INFO:CONSOLE(1)] "底部**************", source: http://h5web-test.jiaoyoushow.com/h5/pcAudioList/static/js/app.afa3f2691696fc9e9853.js (1)
[0525/164348.259:INFO:CONSOLE(1)] "底部**************", source: http://h5web-test.jiaoyoushow.com/h5/pcAudioList/static/js/app.afa3f2691696fc9e9853.js (1)
[0525/164348.576:INFO:CONSOLE(1)] "底部**************", source: http://h5web-test.jiaoyoushow.com/h5/pcAudioList/static/js/app.afa3f2691696fc9e9853.js (1)
[0525/164348.876:INFO:CONSOLE(1)] "底部**************", source: http://h5web-test.jiaoyoushow.com/h5/pcAudioList/static/js/app.afa3f2691696fc9e9853.js (1)
[0525/164354.129:INFO:CONSOLE(1)] "底部**************", source: http://h5web-test.jiaoyoushow.com/h5/pcAudioList/static/js/app.afa3f2691696fc9e9853.js (1)
[0525/164356.646:INFO:CONSOLE(1)] "底部**************", source: http://h5web-test.jiaoyoushow.com/h5/pcAudioList/static/js/app.afa3f2691696fc9e9853.js (1)
[0525/164359.914:INFO:CONSOLE(1)] "底部**************", source: http://h5web-test.jiaoyoushow.com/h5/pcAudioList/static/js/app.afa3f2691696fc9e9853.js (1)
[0525/171036.100:INFO:CONSOLE(1)] "ddd process.env.API_ENV == ", source: http://h5web-test.jiaoyoushow.com/h5/pcAudioList/static/js/app.57c5ea841267f2239584.js (1)
[0525/171049.902:INFO:CONSOLE(1)] "底部**************", source: http://h5web-test.jiaoyoushow.com/h5/pcAudioList/static/js/app.57c5ea841267f2239584.js (1)
[0525/171052.352:INFO:CONSOLE(1)] "底部**************", source: http://h5web-test.jiaoyoushow.com/h5/pcAudioList/static/js/app.57c5ea841267f2239584.js (1)
[0525/171054.053:INFO:CONSOLE(1)] "底部**************", source: http://h5web-test.jiaoyoushow.com/h5/pcAudioList/static/js/app.57c5ea841267f2239584.js (1)
[0525/171055.456:INFO:CONSOLE(1)] "底部**************", source: http://h5web-test.jiaoyoushow.com/h5/pcAudioList/static/js/app.57c5ea841267f2239584.js (1)
[0525/171104.490:INFO:CONSOLE(1)] "底部**************", source: http://h5web-test.jiaoyoushow.com/h5/pcAudioList/static/js/app.57c5ea841267f2239584.js (1)
[0525/171104.807:INFO:CONSOLE(1)] "底部**************", source: http://h5web-test.jiaoyoushow.com/h5/pcAudioList/static/js/app.57c5ea841267f2239584.js (1)
[0525/181932.416:INFO:CONSOLE(1)] "ddd process.env.API_ENV == ", source: http://h5web-test.jiaoyoushow.com/h5/pcAudioList/static/js/app.e4bf6f8fa86b8777e1e7.js (1)
[0525/181944.681:INFO:CONSOLE(1)] "底部**************", source: http://h5web-test.jiaoyoushow.com/h5/pcAudioList/static/js/app.e4bf6f8fa86b8777e1e7.js (1)
[0525/181945.930:INFO:CONSOLE(1)] "底部**************", source: http://h5web-test.jiaoyoushow.com/h5/pcAudioList/static/js/app.e4bf6f8fa86b8777e1e7.js (1)
[0525/181949.798:INFO:CONSOLE(1)] "底部**************", source: http://h5web-test.jiaoyoushow.com/h5/pcAudioList/static/js/app.e4bf6f8fa86b8777e1e7.js (1)
[0525/181950.431:INFO:CONSOLE(1)] "底部**************", source: http://h5web-test.jiaoyoushow.com/h5/pcAudioList/static/js/app.e4bf6f8fa86b8777e1e7.js (1)
[0525/181954.282:INFO:CONSOLE(1)] "底部**************", source: http://h5web-test.jiaoyoushow.com/h5/pcAudioList/static/js/app.e4bf6f8fa86b8777e1e7.js (1)
[0525/182036.881:INFO:CONSOLE(1)] "底部**************", source: http://h5web-test.jiaoyoushow.com/h5/pcAudioList/static/js/app.e4bf6f8fa86b8777e1e7.js (1)
[0525/182050.502:INFO:CONSOLE(1)] "底部**************", source: http://h5web-test.jiaoyoushow.com/h5/pcAudioList/static/js/app.e4bf6f8fa86b8777e1e7.js (1)
[0525/182053.868:INFO:CONSOLE(1)] "底部**************", source: http://h5web-test.jiaoyoushow.com/h5/pcAudioList/static/js/app.e4bf6f8fa86b8777e1e7.js (1)
[0525/182054.753:INFO:CONSOLE(1)] "底部**************", source: http://h5web-test.jiaoyoushow.com/h5/pcAudioList/static/js/app.e4bf6f8fa86b8777e1e7.js (1)
[0525/182055.370:INFO:CONSOLE(1)] "底部**************", source: http://h5web-test.jiaoyoushow.com/h5/pcAudioList/static/js/app.e4bf6f8fa86b8777e1e7.js (1)
[0525/182114.959:INFO:CONSOLE(1)] "底部**************", source: http://h5web-test.jiaoyoushow.com/h5/pcAudioList/static/js/app.e4bf6f8fa86b8777e1e7.js (1)
[0702/101504.173:FATAL:v8_initializer.cc(160)] Failed to open V8 file 'E:\shaw\QCefBrowser\Debug\natives_blob.bin' (reason: -4)
[0702/101525.948:INFO:CONSOLE(1)] "Uncaught ReferenceError: CppToJs is not defined", source: file:///E:/shaw/QCefBrowser/Debug/test2.html (1)
[0702/101530.396:INFO:CONSOLE(1)] "Uncaught ReferenceError: CppToJs is not defined", source: file:///E:/shaw/QCefBrowser/Debug/test2.html (1)
[0702/101530.895:INFO:CONSOLE(1)] "Uncaught ReferenceError: CppToJs is not defined", source: file:///E:/shaw/QCefBrowser/Debug/test2.html (1)
[0702/101531.764:INFO:CONSOLE(1)] "Uncaught ReferenceError: CppToJs is not defined", source: file:///E:/shaw/QCefBrowser/Debug/test2.html (1)
[0702/101532.485:INFO:CONSOLE(1)] "Uncaught ReferenceError: CppToJs is not defined", source: file:///E:/shaw/QCefBrowser/Debug/test2.html (1)
[0702/101532.663:INFO:CONSOLE(1)] "Uncaught ReferenceError: CppToJs is not defined", source: file:///E:/shaw/QCefBrowser/Debug/test2.html (1)
[0702/101534.708:INFO:CONSOLE(1)] "Uncaught ReferenceError: CppToJs is not defined", source: file:///E:/shaw/QCefBrowser/Debug/test2.html (1)
[0702/101535.139:INFO:CONSOLE(1)] "Uncaught ReferenceError: CppToJs is not defined", source: file:///E:/shaw/QCefBrowser/Debug/test2.html (1)
[0702/101535.332:INFO:CONSOLE(1)] "Uncaught ReferenceError: CppToJs is not defined", source: file:///E:/shaw/QCefBrowser/Debug/test2.html (1)
[0702/101538.797:INFO:CONSOLE(1)] "Uncaught ReferenceError: CppToJs is not defined", source: file:///E:/shaw/QCefBrowser/Debug/test2.html (1)
[0702/101555.138:INFO:CONSOLE(1)] "%c
                     //
         \\         //
          \\       //
    ##DDDDDDDDDDDDDDDDDDDDDD##
    ## DDDDDDDDDDDDDDDDDDDD ##   ________   ___   ___        ___   ________   ___   ___        ___
    ## hh                hh ##   |\   __  \ |\  \ |\  \      |\  \ |\   __  \ |\  \ |\  \      |\  \
    ## hh    //    \\    hh ##   \ \  \|\ /_\ \  \\ \  \     \ \  \\ \  \|\ /_\ \  \\ \  \     \ \  \
    ## hh   //      \\   hh ##    \ \   __  \\ \  \\ \  \     \ \  \\ \   __  \\ \  \\ \  \     \ \  \
    ## hh                hh ##     \ \  \|\  \\ \  \\ \  \____ \ \  \\ \  \|\  \\ \  \\ \  \____ \ \  \
    ## hh      wwww      hh ##      \ \_______\\ \__\\ \_______\\ \__\\ \_______\\ \__\\ \_______\\ \__\
    ## hh                hh ##       \|_______| \|__| \|_______| \|__| \|_______| \|__| \|_______| \|__|
    ## MMMMMMMMMMMMMMMMMMMM ##
    ##MMMMMMMMMMMMMMMMMMMMMM##                             Release 2.6.1. Powered by jinkela-core 2.8.9.
         \/            \/", source: https://s1.hdslb.com/bfs/static/jinkela/video/stardust-video.ffcc94ee5f4df4af7d2427313fc1fdaec0c598c7.js (1)
[0702/101557.044:INFO:CONSOLE(337)] "load module pbp", source: https://s1.hdslb.com/bfs/static/player/main/widgets/jsc-player.b5457011.js (337)
[0702/101557.047:ERROR:quota_settings.cc(95)] Unable to compute QuotaSettings.
[0702/101557.047:WARNING:quota_manager.cc(1629)] No storage quota provided in QuotaSettings.
[0702/111133.545:INFO:CONSOLE(222)] "每一个星球都有一个驱动核心，
每一种思想都有影响力的种子。
感受世界的温度，
年轻的你也能成为改变世界的动力，
百度珍惜你所有的潜力。
你的潜力，是改变世界的动力！

", source: https://ss1.bdstatic.com/5eN1bjq8AAUYm2zgoY3K/r/www/cache/static/protocol/https/global/js/all_async_search_df0e741.js (222)
[0702/111133.554:INFO:CONSOLE(222)] "%c百度2021校园招聘简历投递：https://talent.baidu.com/external/baidu/campus.html", source: https://ss1.bdstatic.com/5eN1bjq8AAUYm2zgoY3K/r/www/cache/static/protocol/https/global/js/all_async_search_df0e741.js (222)
[0702/111142.267:INFO:CONSOLE(1)] "Uncaught ReferenceError: CppToJs is not defined", source: file:///E:/shaw/QCefBrowser/Debug/test.html (1)
[0702/111142.267:INFO:CONSOLE(1)] "Uncaught ReferenceError: CppToJs is not defined", source: file:///E:/shaw/QCefBrowser/Debug/test.html (1)
[0702/111142.850:INFO:CONSOLE(1)] "Uncaught ReferenceError: CppToJs is not defined", source: file:///E:/shaw/QCefBrowser/Debug/test.html (1)
[0702/111142.851:INFO:CONSOLE(1)] "Uncaught ReferenceError: CppToJs is not defined", source: file:///E:/shaw/QCefBrowser/Debug/test.html (1)
[0702/111143.042:INFO:CONSOLE(1)] "Uncaught ReferenceError: CppToJs is not defined", source: file:///E:/shaw/QCefBrowser/Debug/test.html (1)
[0702/111143.042:INFO:CONSOLE(1)] "Uncaught ReferenceError: CppToJs is not defined", source: file:///E:/shaw/QCefBrowser/Debug/test.html (1)
[0702/111143.218:INFO:CONSOLE(1)] "Uncaught ReferenceError: CppToJs is not defined", source: file:///E:/shaw/QCefBrowser/Debug/test.html (1)
[0702/111143.219:INFO:CONSOLE(1)] "Uncaught ReferenceError: CppToJs is not defined", source: file:///E:/shaw/QCefBrowser/Debug/test.html (1)
[0702/111154.975:INFO:CONSOLE(1)] "Uncaught ReferenceError: CppToJs is not defined", source: file:///E:/shaw/QCefBrowser/Debug/test.html (1)
[0702/111154.976:INFO:CONSOLE(1)] "Uncaught ReferenceError: CppToJs is not defined", source: file:///E:/shaw/QCefBrowser/Debug/test.html (1)
[0702/111155.597:INFO:CONSOLE(1)] "Uncaught ReferenceError: CppToJs is not defined", source: file:///E:/shaw/QCefBrowser/Debug/test.html (1)
[0702/111155.598:INFO:CONSOLE(1)] "Uncaught ReferenceError: CppToJs is not defined", source: file:///E:/shaw/QCefBrowser/Debug/test.html (1)
[0702/111155.776:INFO:CONSOLE(1)] "Uncaught ReferenceError: CppToJs is not defined", source: file:///E:/shaw/QCefBrowser/Debug/test.html (1)
[0702/111155.777:INFO:CONSOLE(1)] "Uncaught ReferenceError: CppToJs is not defined", source: file:///E:/shaw/QCefBrowser/Debug/test.html (1)
[0702/111211.964:INFO:CONSOLE(222)] "每一个星球都有一个驱动核心，
每一种思想都有影响力的种子。
感受世界的温度，
年轻的你也能成为改变世界的动力，
百度珍惜你所有的潜力。
你的潜力，是改变世界的动力！

", source: https://ss1.bdstatic.com/5eN1bjq8AAUYm2zgoY3K/r/www/cache/static/protocol/https/global/js/all_async_search_df0e741.js (222)
[0702/111211.964:INFO:CONSOLE(222)] "%c百度2021校园招聘简历投递：https://talent.baidu.com/external/baidu/campus.html", source: https://ss1.bdstatic.com/5eN1bjq8AAUYm2zgoY3K/r/www/cache/static/protocol/https/global/js/all_async_search_df0e741.js (222)
[0702/111222.365:INFO:CONSOLE(1)] "Uncaught ReferenceError: CppToJs is not defined", source: file:///E:/shaw/QCefBrowser/Debug/test.html (1)
[0702/111222.365:INFO:CONSOLE(1)] "Uncaught ReferenceError: CppToJs is not defined", source: file:///E:/shaw/QCefBrowser/Debug/test.html (1)
[0702/111222.709:INFO:CONSOLE(1)] "Uncaught ReferenceError: CppToJs is not defined", source: file:///E:/shaw/QCefBrowser/Debug/test.html (1)
[0702/111222.710:INFO:CONSOLE(1)] "Uncaught ReferenceError: CppToJs is not defined", source: file:///E:/shaw/QCefBrowser/Debug/test.html (1)
[0702/111222.893:INFO:CONSOLE(1)] "Uncaught ReferenceError: CppToJs is not defined", source: file:///E:/shaw/QCefBrowser/Debug/test.html (1)
[0702/111222.894:INFO:CONSOLE(1)] "Uncaught ReferenceError: CppToJs is not defined", source: file:///E:/shaw/QCefBrowser/Debug/test.html (1)
[0702/111223.038:INFO:CONSOLE(1)] "Uncaught ReferenceError: CppToJs is not defined", source: file:///E:/shaw/QCefBrowser/Debug/test.html (1)
[0702/111223.039:INFO:CONSOLE(1)] "Uncaught ReferenceError: CppToJs is not defined", source: file:///E:/shaw/QCefBrowser/Debug/test.html (1)
[0702/111223.189:INFO:CONSOLE(1)] "Uncaught ReferenceError: CppToJs is not defined", source: file:///E:/shaw/QCefBrowser/Debug/test.html (1)
[0702/111223.190:INFO:CONSOLE(1)] "Uncaught ReferenceError: CppToJs is not defined", source: file:///E:/shaw/QCefBrowser/Debug/test.html (1)
[0702/111223.342:INFO:CONSOLE(1)] "Uncaught ReferenceError: CppToJs is not defined", source: file:///E:/shaw/QCefBrowser/Debug/test.html (1)
[0702/111223.342:INFO:CONSOLE(1)] "Uncaught ReferenceError: CppToJs is not defined", source: file:///E:/shaw/QCefBrowser/Debug/test.html (1)
[0702/111223.498:INFO:CONSOLE(1)] "Uncaught ReferenceError: CppToJs is not defined", source: file:///E:/shaw/QCefBrowser/Debug/test.html (1)
[0702/111223.498:INFO:CONSOLE(1)] "Uncaught ReferenceError: CppToJs is not defined", source: file:///E:/shaw/QCefBrowser/Debug/test.html (1)
[0702/111223.653:INFO:CONSOLE(1)] "Uncaught ReferenceError: CppToJs is not defined", source: file:///E:/shaw/QCefBrowser/Debug/test.html (1)
[0702/111223.654:INFO:CONSOLE(1)] "Uncaught ReferenceError: CppToJs is not defined", source: file:///E:/shaw/QCefBrowser/Debug/test.html (1)
[0702/111223.806:INFO:CONSOLE(1)] "Uncaught ReferenceError: CppToJs is not defined", source: file:///E:/shaw/QCefBrowser/Debug/test.html (1)
[0702/111223.806:INFO:CONSOLE(1)] "Uncaught ReferenceError: CppToJs is not defined", source: file:///E:/shaw/QCefBrowser/Debug/test.html (1)
[0702/111223.940:INFO:CONSOLE(1)] "Uncaught ReferenceError: CppToJs is not defined", source: file:///E:/shaw/QCefBrowser/Debug/test.html (1)
[0702/111223.942:INFO:CONSOLE(1)] "Uncaught ReferenceError: CppToJs is not defined", source: file:///E:/shaw/QCefBrowser/Debug/test.html (1)
[0702/111224.085:INFO:CONSOLE(1)] "Uncaught ReferenceError: CppToJs is not defined", source: file:///E:/shaw/QCefBrowser/Debug/test.html (1)
[0702/111224.086:INFO:CONSOLE(1)] "Uncaught ReferenceError: CppToJs is not defined", source: file:///E:/shaw/QCefBrowser/Debug/test.html (1)
[0702/111336.753:INFO:CONSOLE(222)] "每一个星球都有一个驱动核心，
每一种思想都有影响力的种子。
感受世界的温度，
年轻的你也能成为改变世界的动力，
百度珍惜你所有的潜力。
你的潜力，是改变世界的动力！

", source: https://ss1.bdstatic.com/5eN1bjq8AAUYm2zgoY3K/r/www/cache/static/protocol/https/global/js/all_async_search_df0e741.js (222)
[0702/111336.754:INFO:CONSOLE(222)] "%c百度2021校园招聘简历投递：https://talent.baidu.com/external/baidu/campus.html", source: https://ss1.bdstatic.com/5eN1bjq8AAUYm2zgoY3K/r/www/cache/static/protocol/https/global/js/all_async_search_df0e741.js (222)
[0702/111346.403:INFO:CONSOLE(1)] "Uncaught ReferenceError: CppToJs is not defined", source: file:///E:/shaw/QCefBrowser/Debug/test.html (1)
[0702/111346.403:INFO:CONSOLE(1)] "Uncaught ReferenceError: CppToJs is not defined", source: file:///E:/shaw/QCefBrowser/Debug/test.html (1)
[0702/111347.190:INFO:CONSOLE(1)] "Uncaught ReferenceError: CppToJs is not defined", source: file:///E:/shaw/QCefBrowser/Debug/test.html (1)
[0702/111347.190:INFO:CONSOLE(1)] "Uncaught ReferenceError: CppToJs is not defined", source: file:///E:/shaw/QCefBrowser/Debug/test.html (1)
[0702/111351.005:INFO:CONSOLE(1)] "Uncaught ReferenceError: CppToJs is not defined", source: file:///E:/shaw/QCefBrowser/Debug/test.html (1)
[0702/111351.006:INFO:CONSOLE(1)] "Uncaught ReferenceError: CppToJs is not defined", source: file:///E:/shaw/QCefBrowser/Debug/test.html (1)
[0702/111351.734:INFO:CONSOLE(1)] "Uncaught ReferenceError: CppToJs is not defined", source: file:///E:/shaw/QCefBrowser/Debug/test.html (1)
[0702/111351.735:INFO:CONSOLE(1)] "Uncaught ReferenceError: CppToJs is not defined", source: file:///E:/shaw/QCefBrowser/Debug/test.html (1)
[0702/111355.293:INFO:CONSOLE(1)] "Uncaught ReferenceError: CppToJs is not defined", source: file:///E:/shaw/QCefBrowser/Debug/test.html (1)
[0702/111355.293:INFO:CONSOLE(1)] "Uncaught ReferenceError: CppToJs is not defined", source: file:///E:/shaw/QCefBrowser/Debug/test.html (1)
[0702/111355.799:INFO:CONSOLE(1)] "Uncaught ReferenceError: CppToJs is not defined", source: file:///E:/shaw/QCefBrowser/Debug/test.html (1)
[0702/111355.800:INFO:CONSOLE(1)] "Uncaught ReferenceError: CppToJs is not defined", source: file:///E:/shaw/QCefBrowser/Debug/test.html (1)
[0702/111355.965:INFO:CONSOLE(1)] "Uncaught ReferenceError: CppToJs is not defined", source: file:///E:/shaw/QCefBrowser/Debug/test.html (1)
[0702/111355.965:INFO:CONSOLE(1)] "Uncaught ReferenceError: CppToJs is not defined", source: file:///E:/shaw/QCefBrowser/Debug/test.html (1)
[0702/111356.268:INFO:CONSOLE(1)] "Uncaught ReferenceError: CppToJs is not defined", source: file:///E:/shaw/QCefBrowser/Debug/test.html (1)
[0702/111356.268:INFO:CONSOLE(1)] "Uncaught ReferenceError: CppToJs is not defined", source: file:///E:/shaw/QCefBrowser/Debug/test.html (1)
[0702/111356.589:INFO:CONSOLE(1)] "Uncaught ReferenceError: CppToJs is not defined", source: file:///E:/shaw/QCefBrowser/Debug/test.html (1)
[0702/111356.590:INFO:CONSOLE(1)] "Uncaught ReferenceError: CppToJs is not defined", source: file:///E:/shaw/QCefBrowser/Debug/test.html (1)
[0702/111356.750:INFO:CONSOLE(1)] "Uncaught ReferenceError: CppToJs is not defined", source: file:///E:/shaw/QCefBrowser/Debug/test.html (1)
[0702/111356.751:INFO:CONSOLE(1)] "Uncaught ReferenceError: CppToJs is not defined", source: file:///E:/shaw/QCefBrowser/Debug/test.html (1)
[0702/111356.916:INFO:CONSOLE(1)] "Uncaught ReferenceError: CppToJs is not defined", source: file:///E:/shaw/QCefBrowser/Debug/test.html (1)
[0702/111356.916:INFO:CONSOLE(1)] "Uncaught ReferenceError: CppToJs is not defined", source: file:///E:/shaw/QCefBrowser/Debug/test.html (1)
[0702/111357.623:INFO:CONSOLE(1)] "Uncaught ReferenceError: CppToJs is not defined", source: file:///E:/shaw/QCefBrowser/Debug/test.html (1)
[0702/111357.624:INFO:CONSOLE(1)] "Uncaught ReferenceError: CppToJs is not defined", source: file:///E:/shaw/QCefBrowser/Debug/test.html (1)
[0702/111358.527:INFO:CONSOLE(1)] "Uncaught ReferenceError: CppToJs is not defined", source: file:///E:/shaw/QCefBrowser/Debug/test.html (1)
[0702/111358.528:INFO:CONSOLE(1)] "Uncaught ReferenceError: CppToJs is not defined", source: file:///E:/shaw/QCefBrowser/Debug/test.html (1)
[0702/111359.254:INFO:CONSOLE(1)] "Uncaught ReferenceError: CppToJs is not defined", source: file:///E:/shaw/QCefBrowser/Debug/test.html (1)
[0702/111359.255:INFO:CONSOLE(1)] "Uncaught ReferenceError: CppToJs is not defined", source: file:///E:/shaw/QCefBrowser/Debug/test.html (1)
[0702/111400.270:INFO:CONSOLE(1)] "Uncaught ReferenceError: CppToJs is not defined", source: file:///E:/shaw/QCefBrowser/Debug/test.html (1)
[0702/111400.271:INFO:CONSOLE(1)] "Uncaught ReferenceError: CppToJs is not defined", source: file:///E:/shaw/QCefBrowser/Debug/test.html (1)
[0702/111511.250:INFO:CONSOLE(222)] "每一个星球都有一个驱动核心，
每一种思想都有影响力的种子。
感受世界的温度，
年轻的你也能成为改变世界的动力，
百度珍惜你所有的潜力。
你的潜力，是改变世界的动力！

", source: https://ss1.bdstatic.com/5eN1bjq8AAUYm2zgoY3K/r/www/cache/static/protocol/https/global/js/all_async_search_df0e741.js (222)
[0702/111511.250:INFO:CONSOLE(222)] "%c百度2021校园招聘简历投递：https://talent.baidu.com/external/baidu/campus.html", source: https://ss1.bdstatic.com/5eN1bjq8AAUYm2zgoY3K/r/www/cache/static/protocol/https/global/js/all_async_search_df0e741.js (222)
[0702/111538.716:INFO:CONSOLE(1)] "Uncaught ReferenceError: CppToJs is not defined", source: file:///E:/shaw/QCefBrowser/Debug/test.html (1)
[0702/111538.716:INFO:CONSOLE(1)] "Uncaught ReferenceError: CppToJs is not defined", source: file:///E:/shaw/QCefBrowser/Debug/test.html (1)
[0702/111538.716:INFO:CONSOLE(1)] "Uncaught ReferenceError: CppToJs is not defined", source: file:///E:/shaw/QCefBrowser/Debug/test.html (1)
[0702/111538.716:INFO:CONSOLE(1)] "Uncaught ReferenceError: CppToJs is not defined", source: file:///E:/shaw/QCefBrowser/Debug/test.html (1)
[0702/111538.716:INFO:CONSOLE(1)] "Uncaught ReferenceError: CppToJs is not defined", source: file:///E:/shaw/QCefBrowser/Debug/test.html (1)
[0702/111538.717:INFO:CONSOLE(1)] "Uncaught ReferenceError: CppToJs is not defined", source: file:///E:/shaw/QCefBrowser/Debug/test.html (1)
[0702/111600.805:INFO:CONSOLE(1)] "Uncaught ReferenceError: CppToJs is not defined", source: file:///E:/shaw/QCefBrowser/Debug/test.html (1)
[0702/111600.806:INFO:CONSOLE(1)] "Uncaught ReferenceError: CppToJs is not defined", source: file:///E:/shaw/QCefBrowser/Debug/test.html (1)
[0702/112008.722:INFO:CONSOLE(222)] "每一个星球都有一个驱动核心，
每一种思想都有影响力的种子。
感受世界的温度，
年轻的你也能成为改变世界的动力，
百度珍惜你所有的潜力。
你的潜力，是改变世界的动力！

", source: https://ss1.bdstatic.com/5eN1bjq8AAUYm2zgoY3K/r/www/cache/static/protocol/https/global/js/all_async_search_df0e741.js (222)
[0702/112008.722:INFO:CONSOLE(222)] "%c百度2021校园招聘简历投递：https://talent.baidu.com/external/baidu/campus.html", source: https://ss1.bdstatic.com/5eN1bjq8AAUYm2zgoY3K/r/www/cache/static/protocol/https/global/js/all_async_search_df0e741.js (222)
[0702/112040.114:INFO:CONSOLE(222)] "每一个星球都有一个驱动核心，
每一种思想都有影响力的种子。
感受世界的温度，
年轻的你也能成为改变世界的动力，
百度珍惜你所有的潜力。
你的潜力，是改变世界的动力！

", source: https://ss1.bdstatic.com/5eN1bjq8AAUYm2zgoY3K/r/www/cache/static/protocol/https/global/js/all_async_search_df0e741.js (222)
[0702/112040.114:INFO:CONSOLE(222)] "%c百度2021校园招聘简历投递：https://talent.baidu.com/external/baidu/campus.html", source: https://ss1.bdstatic.com/5eN1bjq8AAUYm2zgoY3K/r/www/cache/static/protocol/https/global/js/all_async_search_df0e741.js (222)
[0702/112247.681:INFO:CONSOLE(222)] "每一个星球都有一个驱动核心，
每一种思想都有影响力的种子。
感受世界的温度，
年轻的你也能成为改变世界的动力，
百度珍惜你所有的潜力。
你的潜力，是改变世界的动力！

", source: https://ss1.bdstatic.com/5eN1bjq8AAUYm2zgoY3K/r/www/cache/static/protocol/https/global/js/all_async_search_df0e741.js (222)
[0702/112247.681:INFO:CONSOLE(222)] "%c百度2021校园招聘简历投递：https://talent.baidu.com/external/baidu/campus.html", source: https://ss1.bdstatic.com/5eN1bjq8AAUYm2zgoY3K/r/www/cache/static/protocol/https/global/js/all_async_search_df0e741.js (222)
[0702/112820.914:INFO:CONSOLE(222)] "每一个星球都有一个驱动核心，
每一种思想都有影响力的种子。
感受世界的温度，
年轻的你也能成为改变世界的动力，
百度珍惜你所有的潜力。
你的潜力，是改变世界的动力！

", source: https://ss1.bdstatic.com/5eN1bjq8AAUYm2zgoY3K/r/www/cache/static/protocol/https/global/js/all_async_search_df0e741.js (222)
[0702/112820.914:INFO:CONSOLE(222)] "%c百度2021校园招聘简历投递：https://talent.baidu.com/external/baidu/campus.html", source: https://ss1.bdstatic.com/5eN1bjq8AAUYm2zgoY3K/r/www/cache/static/protocol/https/global/js/all_async_search_df0e741.js (222)
[0702/112916.738:INFO:CONSOLE(222)] "每一个星球都有一个驱动核心，
每一种思想都有影响力的种子。
感受世界的温度，
年轻的你也能成为改变世界的动力，
百度珍惜你所有的潜力。
你的潜力，是改变世界的动力！

", source: https://ss1.bdstatic.com/5eN1bjq8AAUYm2zgoY3K/r/www/cache/static/protocol/https/global/js/all_async_search_df0e741.js (222)
[0702/112916.738:INFO:CONSOLE(222)] "%c百度2021校园招聘简历投递：https://talent.baidu.com/external/baidu/campus.html", source: https://ss1.bdstatic.com/5eN1bjq8AAUYm2zgoY3K/r/www/cache/static/protocol/https/global/js/all_async_search_df0e741.js (222)
[0702/112919.421:INFO:CONSOLE(1)] "%c
                     //
         \\         //
          \\       //
    ##DDDDDDDDDDDDDDDDDDDDDD##
    ## DDDDDDDDDDDDDDDDDDDD ##   ________   ___   ___        ___   ________   ___   ___        ___
    ## hh                hh ##   |\   __  \ |\  \ |\  \      |\  \ |\   __  \ |\  \ |\  \      |\  \
    ## hh    //    \\    hh ##   \ \  \|\ /_\ \  \\ \  \     \ \  \\ \  \|\ /_\ \  \\ \  \     \ \  \
    ## hh   //      \\   hh ##    \ \   __  \\ \  \\ \  \     \ \  \\ \   __  \\ \  \\ \  \     \ \  \
    ## hh                hh ##     \ \  \|\  \\ \  \\ \  \____ \ \  \\ \  \|\  \\ \  \\ \  \____ \ \  \
    ## hh      wwww      hh ##      \ \_______\\ \__\\ \_______\\ \__\\ \_______\\ \__\\ \_______\\ \__\
    ## hh                hh ##       \|_______| \|__| \|_______| \|__| \|_______| \|__| \|_______| \|__|
    ## MMMMMMMMMMMMMMMMMMMM ##
    ##MMMMMMMMMMMMMMMMMMMMMM##                             Release 2.6.1. Powered by jinkela-core 2.8.9.
         \/            \/", source: https://s1.hdslb.com/bfs/static/jinkela/video/stardust-video.ffcc94ee5f4df4af7d2427313fc1fdaec0c598c7.js (1)
[0702/112921.227:INFO:CONSOLE(337)] "load module pbp", source: https://s1.hdslb.com/bfs/static/player/main/widgets/jsc-player.571ab0b4.js (337)
[0702/112921.230:ERROR:quota_settings.cc(95)] Unable to compute QuotaSettings.
[0702/112921.231:WARNING:quota_manager.cc(1629)] No storage quota provided in QuotaSettings.
[0702/121716.368:INFO:CONSOLE(222)] "每一个星球都有一个驱动核心，
每一种思想都有影响力的种子。
感受世界的温度，
年轻的你也能成为改变世界的动力，
百度珍惜你所有的潜力。
你的潜力，是改变世界的动力！

", source: https://ss1.bdstatic.com/5eN1bjq8AAUYm2zgoY3K/r/www/cache/static/protocol/https/global/js/all_async_search_df0e741.js (222)
[0702/121716.368:INFO:CONSOLE(222)] "%c百度2021校园招聘简历投递：https://talent.baidu.com/external/baidu/campus.html", source: https://ss1.bdstatic.com/5eN1bjq8AAUYm2zgoY3K/r/www/cache/static/protocol/https/global/js/all_async_search_df0e741.js (222)
