e:\shaw\qcefbrowser\qcefbrowser\release\moc_qcefbrowser.obj
e:\shaw\qcefbrowser\qcefbrowser\release\qrc_qcefbrowser.obj
e:\shaw\qcefbrowser\qcefbrowser\release\moc_cefbrowserhandlerimp.obj
e:\shaw\qcefbrowser\qcefbrowser\release\moc_mainwindow.obj
e:\shaw\qcefbrowser\qcefbrowser\release\moc_qcefwebview.obj
e:\shaw\qcefbrowser\qcefbrowser\release\events.obj
e:\shaw\qcefbrowser\qcefbrowser\release\mainwindow.obj
e:\shaw\qcefbrowser\qcefbrowser\release\qcefbrowser.obj
e:\shaw\qcefbrowser\qcefbrowser\release\qcefwebview.obj
e:\shaw\qcefbrowser\qcefbrowser\release\myv8handler.obj
e:\shaw\qcefbrowser\qcefbrowser\release\cefbrowser.obj
e:\shaw\qcefbrowser\qcefbrowser\release\myrenderprocesshandler.obj
e:\shaw\qcefbrowser\qcefbrowser\release\cefappimp.obj
e:\shaw\qcefbrowser\qcefbrowser\release\cefbrowserhandlerimp.obj
e:\shaw\qcefbrowser\qcefbrowser\release\main.obj
e:\shaw\qcefbrowser\release\qcefbrowser.exe
e:\shaw\qcefbrowser\qcefbrowser\release\moc\moc_qcefbrowser.cpp
e:\shaw\qcefbrowser\qcefbrowser\release\moc\moc_qcefwebview.cpp
e:\shaw\qcefbrowser\qcefbrowser\release\moc\moc_mainwindow.cpp
e:\shaw\qcefbrowser\qcefbrowser\release\moc\moc_cefbrowserhandlerimp.cpp
e:\shaw\qcefbrowser\qcefbrowser\release\uic\ui_mainwindow.h
e:\shaw\qcefbrowser\qcefbrowser\release\uic\ui_qcefbrowser.h
e:\shaw\qcefbrowser\qcefbrowser\release\rcc\qrc_qcefbrowser.cpp
e:\shaw\qcefbrowser\release\qcefbrowser.lib
e:\shaw\qcefbrowser\release\qcefbrowser.exp
e:\shaw\qcefbrowser\qcefbrowser\release\qcefbrowser.tlog\cl.12044.write.1.tlog
e:\shaw\qcefbrowser\qcefbrowser\release\qcefbrowser.tlog\cl.command.1.tlog
e:\shaw\qcefbrowser\qcefbrowser\release\qcefbrowser.tlog\cl.read.1.tlog
e:\shaw\qcefbrowser\qcefbrowser\release\qcefbrowser.tlog\link.command.1.tlog
e:\shaw\qcefbrowser\qcefbrowser\release\qcefbrowser.tlog\link.read.1.tlog
e:\shaw\qcefbrowser\qcefbrowser\release\qcefbrowser.tlog\link.write.1.tlog
e:\shaw\qcefbrowser\qcefbrowser\release\qcefbrowser.tlog\moc.read.1u.tlog
e:\shaw\qcefbrowser\qcefbrowser\release\qcefbrowser.tlog\moc.write.1u.tlog
e:\shaw\qcefbrowser\qcefbrowser\release\qcefbrowser.tlog\qcefbrowser.write.1u.tlog
e:\shaw\qcefbrowser\qcefbrowser\release\qcefbrowser.tlog\rcc.read.1u.tlog
e:\shaw\qcefbrowser\qcefbrowser\release\qcefbrowser.tlog\rcc.write.1u.tlog
e:\shaw\qcefbrowser\qcefbrowser\release\qcefbrowser.tlog\uic.read.1u.tlog
e:\shaw\qcefbrowser\qcefbrowser\release\qcefbrowser.tlog\uic.write.1u.tlog
