  rcc QCefBrowser.qrc
  QCefBrowser.cpp
  main.cpp
  mainwindow.cpp
  moc_QCefBrowser.cpp
  moc_mainwindow.cpp
  qrc_QCefBrowser.cpp
    正在创建库 E:\shaw\test\QCefBrowser\Debug\QCefBrowser.lib 和对象 E:\shaw\test\QCefBrowser\Debug\QCefBrowser.exp
main.obj : warning LNK4217: 本地定义的符号 ?QCefProcessStart@@YAHXZ (int __cdecl QCefProcessStart(void)) 在函数 _main 中导入
main.obj : warning LNK4217: 本地定义的符号 ?QCefMessageLoop@@YAXXZ (void __cdecl QCefMessageLoop(void)) 在函数 _main 中导入
main.obj : warning LNK4217: 本地定义的符号 ?QCefProcessExit@@YAXXZ (void __cdecl QCefProcessExit(void)) 在函数 _main 中导入
libcef_dll_wrapperd.lib(transfer_util.obj) : warning LNK4099: 未找到 PDB“libcef_dll_wrapper.pdb”(使用“libcef_dll_wrapperd.lib(transfer_util.obj)”或在“E:\shaw\test\QCefBrowser\Debug\libcef_dll_wrapper.pdb”中寻找)；正在链接对象，如同没有调试信息一样
libcef_dll_wrapperd.lib(cef_callback_internal.obj) : warning LNK4099: 未找到 PDB“libcef_dll_wrapper.pdb”(使用“libcef_dll_wrapperd.lib(cef_callback_internal.obj)”或在“E:\shaw\test\QCefBrowser\Debug\libcef_dll_wrapper.pdb”中寻找)；正在链接对象，如同没有调试信息一样
libcef_dll_wrapperd.lib(cef_logging.obj) : warning LNK4099: 未找到 PDB“libcef_dll_wrapper.pdb”(使用“libcef_dll_wrapperd.lib(cef_logging.obj)”或在“E:\shaw\test\QCefBrowser\Debug\libcef_dll_wrapper.pdb”中寻找)；正在链接对象，如同没有调试信息一样
libcef_dll_wrapperd.lib(accessibility_handler_cpptoc.obj) : warning LNK4099: 未找到 PDB“libcef_dll_wrapper.pdb”(使用“libcef_dll_wrapperd.lib(accessibility_handler_cpptoc.obj)”或在“E:\shaw\test\QCefBrowser\Debug\libcef_dll_wrapper.pdb”中寻找)；正在链接对象，如同没有调试信息一样
libcef_dll_wrapperd.lib(app_cpptoc.obj) : warning LNK4099: 未找到 PDB“libcef_dll_wrapper.pdb”(使用“libcef_dll_wrapperd.lib(app_cpptoc.obj)”或在“E:\shaw\test\QCefBrowser\Debug\libcef_dll_wrapper.pdb”中寻找)；正在链接对象，如同没有调试信息一样
libcef_dll_wrapperd.lib(base_ref_counted_cpptoc.obj) : warning LNK4099: 未找到 PDB“libcef_dll_wrapper.pdb”(使用“libcef_dll_wrapperd.lib(base_ref_counted_cpptoc.obj)”或在“E:\shaw\test\QCefBrowser\Debug\libcef_dll_wrapper.pdb”中寻找)；正在链接对象，如同没有调试信息一样
libcef_dll_wrapperd.lib(browser_process_handler_cpptoc.obj) : warning LNK4099: 未找到 PDB“libcef_dll_wrapper.pdb”(使用“libcef_dll_wrapperd.lib(browser_process_handler_cpptoc.obj)”或在“E:\shaw\test\QCefBrowser\Debug\libcef_dll_wrapper.pdb”中寻找)；正在链接对象，如同没有调试信息一样
libcef_dll_wrapperd.lib(client_cpptoc.obj) : warning LNK4099: 未找到 PDB“libcef_dll_wrapper.pdb”(使用“libcef_dll_wrapperd.lib(client_cpptoc.obj)”或在“E:\shaw\test\QCefBrowser\Debug\libcef_dll_wrapper.pdb”中寻找)；正在链接对象，如同没有调试信息一样
libcef_dll_wrapperd.lib(completion_callback_cpptoc.obj) : warning LNK4099: 未找到 PDB“libcef_dll_wrapper.pdb”(使用“libcef_dll_wrapperd.lib(completion_callback_cpptoc.obj)”或在“E:\shaw\test\QCefBrowser\Debug\libcef_dll_wrapper.pdb”中寻找)；正在链接对象，如同没有调试信息一样
libcef_dll_wrapperd.lib(context_menu_handler_cpptoc.obj) : warning LNK4099: 未找到 PDB“libcef_dll_wrapper.pdb”(使用“libcef_dll_wrapperd.lib(context_menu_handler_cpptoc.obj)”或在“E:\shaw\test\QCefBrowser\Debug\libcef_dll_wrapper.pdb”中寻找)；正在链接对象，如同没有调试信息一样
libcef_dll_wrapperd.lib(cookie_visitor_cpptoc.obj) : warning LNK4099: 未找到 PDB“libcef_dll_wrapper.pdb”(使用“libcef_dll_wrapperd.lib(cookie_visitor_cpptoc.obj)”或在“E:\shaw\test\QCefBrowser\Debug\libcef_dll_wrapper.pdb”中寻找)；正在链接对象，如同没有调试信息一样
libcef_dll_wrapperd.lib(delete_cookies_callback_cpptoc.obj) : warning LNK4099: 未找到 PDB“libcef_dll_wrapper.pdb”(使用“libcef_dll_wrapperd.lib(delete_cookies_callback_cpptoc.obj)”或在“E:\shaw\test\QCefBrowser\Debug\libcef_dll_wrapper.pdb”中寻找)；正在链接对象，如同没有调试信息一样
libcef_dll_wrapperd.lib(dialog_handler_cpptoc.obj) : warning LNK4099: 未找到 PDB“libcef_dll_wrapper.pdb”(使用“libcef_dll_wrapperd.lib(dialog_handler_cpptoc.obj)”或在“E:\shaw\test\QCefBrowser\Debug\libcef_dll_wrapper.pdb”中寻找)；正在链接对象，如同没有调试信息一样
libcef_dll_wrapperd.lib(display_handler_cpptoc.obj) : warning LNK4099: 未找到 PDB“libcef_dll_wrapper.pdb”(使用“libcef_dll_wrapperd.lib(display_handler_cpptoc.obj)”或在“E:\shaw\test\QCefBrowser\Debug\libcef_dll_wrapper.pdb”中寻找)；正在链接对象，如同没有调试信息一样
libcef_dll_wrapperd.lib(domvisitor_cpptoc.obj) : warning LNK4099: 未找到 PDB“libcef_dll_wrapper.pdb”(使用“libcef_dll_wrapperd.lib(domvisitor_cpptoc.obj)”或在“E:\shaw\test\QCefBrowser\Debug\libcef_dll_wrapper.pdb”中寻找)；正在链接对象，如同没有调试信息一样
libcef_dll_wrapperd.lib(download_handler_cpptoc.obj) : warning LNK4099: 未找到 PDB“libcef_dll_wrapper.pdb”(使用“libcef_dll_wrapperd.lib(download_handler_cpptoc.obj)”或在“E:\shaw\test\QCefBrowser\Debug\libcef_dll_wrapper.pdb”中寻找)；正在链接对象，如同没有调试信息一样
libcef_dll_wrapperd.lib(download_image_callback_cpptoc.obj) : warning LNK4099: 未找到 PDB“libcef_dll_wrapper.pdb”(使用“libcef_dll_wrapperd.lib(download_image_callback_cpptoc.obj)”或在“E:\shaw\test\QCefBrowser\Debug\libcef_dll_wrapper.pdb”中寻找)；正在链接对象，如同没有调试信息一样
libcef_dll_wrapperd.lib(drag_handler_cpptoc.obj) : warning LNK4099: 未找到 PDB“libcef_dll_wrapper.pdb”(使用“libcef_dll_wrapperd.lib(drag_handler_cpptoc.obj)”或在“E:\shaw\test\QCefBrowser\Debug\libcef_dll_wrapper.pdb”中寻找)；正在链接对象，如同没有调试信息一样
libcef_dll_wrapperd.lib(end_tracing_callback_cpptoc.obj) : warning LNK4099: 未找到 PDB“libcef_dll_wrapper.pdb”(使用“libcef_dll_wrapperd.lib(end_tracing_callback_cpptoc.obj)”或在“E:\shaw\test\QCefBrowser\Debug\libcef_dll_wrapper.pdb”中寻找)；正在链接对象，如同没有调试信息一样
libcef_dll_wrapperd.lib(extension_handler_cpptoc.obj) : warning LNK4099: 未找到 PDB“libcef_dll_wrapper.pdb”(使用“libcef_dll_wrapperd.lib(extension_handler_cpptoc.obj)”或在“E:\shaw\test\QCefBrowser\Debug\libcef_dll_wrapper.pdb”中寻找)；正在链接对象，如同没有调试信息一样
libcef_dll_wrapperd.lib(find_handler_cpptoc.obj) : warning LNK4099: 未找到 PDB“libcef_dll_wrapper.pdb”(使用“libcef_dll_wrapperd.lib(find_handler_cpptoc.obj)”或在“E:\shaw\test\QCefBrowser\Debug\libcef_dll_wrapper.pdb”中寻找)；正在链接对象，如同没有调试信息一样
libcef_dll_wrapperd.lib(focus_handler_cpptoc.obj) : warning LNK4099: 未找到 PDB“libcef_dll_wrapper.pdb”(使用“libcef_dll_wrapperd.lib(focus_handler_cpptoc.obj)”或在“E:\shaw\test\QCefBrowser\Debug\libcef_dll_wrapper.pdb”中寻找)；正在链接对象，如同没有调试信息一样
libcef_dll_wrapperd.lib(geolocation_handler_cpptoc.obj) : warning LNK4099: 未找到 PDB“libcef_dll_wrapper.pdb”(使用“libcef_dll_wrapperd.lib(geolocation_handler_cpptoc.obj)”或在“E:\shaw\test\QCefBrowser\Debug\libcef_dll_wrapper.pdb”中寻找)；正在链接对象，如同没有调试信息一样
libcef_dll_wrapperd.lib(get_geolocation_callback_cpptoc.obj) : warning LNK4099: 未找到 PDB“libcef_dll_wrapper.pdb”(使用“libcef_dll_wrapperd.lib(get_geolocation_callback_cpptoc.obj)”或在“E:\shaw\test\QCefBrowser\Debug\libcef_dll_wrapper.pdb”中寻找)；正在链接对象，如同没有调试信息一样
libcef_dll_wrapperd.lib(jsdialog_handler_cpptoc.obj) : warning LNK4099: 未找到 PDB“libcef_dll_wrapper.pdb”(使用“libcef_dll_wrapperd.lib(jsdialog_handler_cpptoc.obj)”或在“E:\shaw\test\QCefBrowser\Debug\libcef_dll_wrapper.pdb”中寻找)；正在链接对象，如同没有调试信息一样
libcef_dll_wrapperd.lib(keyboard_handler_cpptoc.obj) : warning LNK4099: 未找到 PDB“libcef_dll_wrapper.pdb”(使用“libcef_dll_wrapperd.lib(keyboard_handler_cpptoc.obj)”或在“E:\shaw\test\QCefBrowser\Debug\libcef_dll_wrapper.pdb”中寻找)；正在链接对象，如同没有调试信息一样
libcef_dll_wrapperd.lib(life_span_handler_cpptoc.obj) : warning LNK4099: 未找到 PDB“libcef_dll_wrapper.pdb”(使用“libcef_dll_wrapperd.lib(life_span_handler_cpptoc.obj)”或在“E:\shaw\test\QCefBrowser\Debug\libcef_dll_wrapper.pdb”中寻找)；正在链接对象，如同没有调试信息一样
libcef_dll_wrapperd.lib(load_handler_cpptoc.obj) : warning LNK4099: 未找到 PDB“libcef_dll_wrapper.pdb”(使用“libcef_dll_wrapperd.lib(load_handler_cpptoc.obj)”或在“E:\shaw\test\QCefBrowser\Debug\libcef_dll_wrapper.pdb”中寻找)；正在链接对象，如同没有调试信息一样
libcef_dll_wrapperd.lib(menu_model_delegate_cpptoc.obj) : warning LNK4099: 未找到 PDB“libcef_dll_wrapper.pdb”(使用“libcef_dll_wrapperd.lib(menu_model_delegate_cpptoc.obj)”或在“E:\shaw\test\QCefBrowser\Debug\libcef_dll_wrapper.pdb”中寻找)；正在链接对象，如同没有调试信息一样
libcef_dll_wrapperd.lib(navigation_entry_visitor_cpptoc.obj) : warning LNK4099: 未找到 PDB“libcef_dll_wrapper.pdb”(使用“libcef_dll_wrapperd.lib(navigation_entry_visitor_cpptoc.obj)”或在“E:\shaw\test\QCefBrowser\Debug\libcef_dll_wrapper.pdb”中寻找)；正在链接对象，如同没有调试信息一样
libcef_dll_wrapperd.lib(pdf_print_callback_cpptoc.obj) : warning LNK4099: 未找到 PDB“libcef_dll_wrapper.pdb”(使用“libcef_dll_wrapperd.lib(pdf_print_callback_cpptoc.obj)”或在“E:\shaw\test\QCefBrowser\Debug\libcef_dll_wrapper.pdb”中寻找)；正在链接对象，如同没有调试信息一样
libcef_dll_wrapperd.lib(print_handler_cpptoc.obj) : warning LNK4099: 未找到 PDB“libcef_dll_wrapper.pdb”(使用“libcef_dll_wrapperd.lib(print_handler_cpptoc.obj)”或在“E:\shaw\test\QCefBrowser\Debug\libcef_dll_wrapper.pdb”中寻找)；正在链接对象，如同没有调试信息一样
libcef_dll_wrapperd.lib(read_handler_cpptoc.obj) : warning LNK4099: 未找到 PDB“libcef_dll_wrapper.pdb”(使用“libcef_dll_wrapperd.lib(read_handler_cpptoc.obj)”或在“E:\shaw\test\QCefBrowser\Debug\libcef_dll_wrapper.pdb”中寻找)；正在链接对象，如同没有调试信息一样
libcef_dll_wrapperd.lib(register_cdm_callback_cpptoc.obj) : warning LNK4099: 未找到 PDB“libcef_dll_wrapper.pdb”(使用“libcef_dll_wrapperd.lib(register_cdm_callback_cpptoc.obj)”或在“E:\shaw\test\QCefBrowser\Debug\libcef_dll_wrapper.pdb”中寻找)；正在链接对象，如同没有调试信息一样
libcef_dll_wrapperd.lib(render_handler_cpptoc.obj) : warning LNK4099: 未找到 PDB“libcef_dll_wrapper.pdb”(使用“libcef_dll_wrapperd.lib(render_handler_cpptoc.obj)”或在“E:\shaw\test\QCefBrowser\Debug\libcef_dll_wrapper.pdb”中寻找)；正在链接对象，如同没有调试信息一样
libcef_dll_wrapperd.lib(render_process_handler_cpptoc.obj) : warning LNK4099: 未找到 PDB“libcef_dll_wrapper.pdb”(使用“libcef_dll_wrapperd.lib(render_process_handler_cpptoc.obj)”或在“E:\shaw\test\QCefBrowser\Debug\libcef_dll_wrapper.pdb”中寻找)；正在链接对象，如同没有调试信息一样
libcef_dll_wrapperd.lib(request_context_handler_cpptoc.obj) : warning LNK4099: 未找到 PDB“libcef_dll_wrapper.pdb”(使用“libcef_dll_wrapperd.lib(request_context_handler_cpptoc.obj)”或在“E:\shaw\test\QCefBrowser\Debug\libcef_dll_wrapper.pdb”中寻找)；正在链接对象，如同没有调试信息一样
libcef_dll_wrapperd.lib(request_handler_cpptoc.obj) : warning LNK4099: 未找到 PDB“libcef_dll_wrapper.pdb”(使用“libcef_dll_wrapperd.lib(request_handler_cpptoc.obj)”或在“E:\shaw\test\QCefBrowser\Debug\libcef_dll_wrapper.pdb”中寻找)；正在链接对象，如同没有调试信息一样
libcef_dll_wrapperd.lib(resolve_callback_cpptoc.obj) : warning LNK4099: 未找到 PDB“libcef_dll_wrapper.pdb”(使用“libcef_dll_wrapperd.lib(resolve_callback_cpptoc.obj)”或在“E:\shaw\test\QCefBrowser\Debug\libcef_dll_wrapper.pdb”中寻找)；正在链接对象，如同没有调试信息一样
libcef_dll_wrapperd.lib(resource_bundle_handler_cpptoc.obj) : warning LNK4099: 未找到 PDB“libcef_dll_wrapper.pdb”(使用“libcef_dll_wrapperd.lib(resource_bundle_handler_cpptoc.obj)”或在“E:\shaw\test\QCefBrowser\Debug\libcef_dll_wrapper.pdb”中寻找)；正在链接对象，如同没有调试信息一样
libcef_dll_wrapperd.lib(resource_handler_cpptoc.obj) : warning LNK4099: 未找到 PDB“libcef_dll_wrapper.pdb”(使用“libcef_dll_wrapperd.lib(resource_handler_cpptoc.obj)”或在“E:\shaw\test\QCefBrowser\Debug\libcef_dll_wrapper.pdb”中寻找)；正在链接对象，如同没有调试信息一样
libcef_dll_wrapperd.lib(response_filter_cpptoc.obj) : warning LNK4099: 未找到 PDB“libcef_dll_wrapper.pdb”(使用“libcef_dll_wrapperd.lib(response_filter_cpptoc.obj)”或在“E:\shaw\test\QCefBrowser\Debug\libcef_dll_wrapper.pdb”中寻找)；正在链接对象，如同没有调试信息一样
libcef_dll_wrapperd.lib(run_file_dialog_callback_cpptoc.obj) : warning LNK4099: 未找到 PDB“libcef_dll_wrapper.pdb”(使用“libcef_dll_wrapperd.lib(run_file_dialog_callback_cpptoc.obj)”或在“E:\shaw\test\QCefBrowser\Debug\libcef_dll_wrapper.pdb”中寻找)；正在链接对象，如同没有调试信息一样
libcef_dll_wrapperd.lib(scheme_handler_factory_cpptoc.obj) : warning LNK4099: 未找到 PDB“libcef_dll_wrapper.pdb”(使用“libcef_dll_wrapperd.lib(scheme_handler_factory_cpptoc.obj)”或在“E:\shaw\test\QCefBrowser\Debug\libcef_dll_wrapper.pdb”中寻找)；正在链接对象，如同没有调试信息一样
libcef_dll_wrapperd.lib(set_cookie_callback_cpptoc.obj) : warning LNK4099: 未找到 PDB“libcef_dll_wrapper.pdb”(使用“libcef_dll_wrapperd.lib(set_cookie_callback_cpptoc.obj)”或在“E:\shaw\test\QCefBrowser\Debug\libcef_dll_wrapper.pdb”中寻找)；正在链接对象，如同没有调试信息一样
libcef_dll_wrapperd.lib(string_visitor_cpptoc.obj) : warning LNK4099: 未找到 PDB“libcef_dll_wrapper.pdb”(使用“libcef_dll_wrapperd.lib(string_visitor_cpptoc.obj)”或在“E:\shaw\test\QCefBrowser\Debug\libcef_dll_wrapper.pdb”中寻找)；正在链接对象，如同没有调试信息一样
libcef_dll_wrapperd.lib(task_cpptoc.obj) : warning LNK4099: 未找到 PDB“libcef_dll_wrapper.pdb”(使用“libcef_dll_wrapperd.lib(task_cpptoc.obj)”或在“E:\shaw\test\QCefBrowser\Debug\libcef_dll_wrapper.pdb”中寻找)；正在链接对象，如同没有调试信息一样
libcef_dll_wrapperd.lib(v8accessor_cpptoc.obj) : warning LNK4099: 未找到 PDB“libcef_dll_wrapper.pdb”(使用“libcef_dll_wrapperd.lib(v8accessor_cpptoc.obj)”或在“E:\shaw\test\QCefBrowser\Debug\libcef_dll_wrapper.pdb”中寻找)；正在链接对象，如同没有调试信息一样
libcef_dll_wrapperd.lib(v8handler_cpptoc.obj) : warning LNK4099: 未找到 PDB“libcef_dll_wrapper.pdb”(使用“libcef_dll_wrapperd.lib(v8handler_cpptoc.obj)”或在“E:\shaw\test\QCefBrowser\Debug\libcef_dll_wrapper.pdb”中寻找)；正在链接对象，如同没有调试信息一样
libcef_dll_wrapperd.lib(v8interceptor_cpptoc.obj) : warning LNK4099: 未找到 PDB“libcef_dll_wrapper.pdb”(使用“libcef_dll_wrapperd.lib(v8interceptor_cpptoc.obj)”或在“E:\shaw\test\QCefBrowser\Debug\libcef_dll_wrapper.pdb”中寻找)；正在链接对象，如同没有调试信息一样
libcef_dll_wrapperd.lib(web_plugin_info_visitor_cpptoc.obj) : warning LNK4099: 未找到 PDB“libcef_dll_wrapper.pdb”(使用“libcef_dll_wrapperd.lib(web_plugin_info_visitor_cpptoc.obj)”或在“E:\shaw\test\QCefBrowser\Debug\libcef_dll_wrapper.pdb”中寻找)；正在链接对象，如同没有调试信息一样
libcef_dll_wrapperd.lib(web_plugin_unstable_callback_cpptoc.obj) : warning LNK4099: 未找到 PDB“libcef_dll_wrapper.pdb”(使用“libcef_dll_wrapperd.lib(web_plugin_unstable_callback_cpptoc.obj)”或在“E:\shaw\test\QCefBrowser\Debug\libcef_dll_wrapper.pdb”中寻找)；正在链接对象，如同没有调试信息一样
libcef_dll_wrapperd.lib(write_handler_cpptoc.obj) : warning LNK4099: 未找到 PDB“libcef_dll_wrapper.pdb”(使用“libcef_dll_wrapperd.lib(write_handler_cpptoc.obj)”或在“E:\shaw\test\QCefBrowser\Debug\libcef_dll_wrapper.pdb”中寻找)；正在链接对象，如同没有调试信息一样
libcef_dll_wrapperd.lib(auth_callback_ctocpp.obj) : warning LNK4099: 未找到 PDB“libcef_dll_wrapper.pdb”(使用“libcef_dll_wrapperd.lib(auth_callback_ctocpp.obj)”或在“E:\shaw\test\QCefBrowser\Debug\libcef_dll_wrapper.pdb”中寻找)；正在链接对象，如同没有调试信息一样
libcef_dll_wrapperd.lib(before_download_callback_ctocpp.obj) : warning LNK4099: 未找到 PDB“libcef_dll_wrapper.pdb”(使用“libcef_dll_wrapperd.lib(before_download_callback_ctocpp.obj)”或在“E:\shaw\test\QCefBrowser\Debug\libcef_dll_wrapper.pdb”中寻找)；正在链接对象，如同没有调试信息一样
libcef_dll_wrapperd.lib(binary_value_ctocpp.obj) : warning LNK4099: 未找到 PDB“libcef_dll_wrapper.pdb”(使用“libcef_dll_wrapperd.lib(binary_value_ctocpp.obj)”或在“E:\shaw\test\QCefBrowser\Debug\libcef_dll_wrapper.pdb”中寻找)；正在链接对象，如同没有调试信息一样
libcef_dll_wrapperd.lib(browser_ctocpp.obj) : warning LNK4099: 未找到 PDB“libcef_dll_wrapper.pdb”(使用“libcef_dll_wrapperd.lib(browser_ctocpp.obj)”或在“E:\shaw\test\QCefBrowser\Debug\libcef_dll_wrapper.pdb”中寻找)；正在链接对象，如同没有调试信息一样
libcef_dll_wrapperd.lib(browser_host_ctocpp.obj) : warning LNK4099: 未找到 PDB“libcef_dll_wrapper.pdb”(使用“libcef_dll_wrapperd.lib(browser_host_ctocpp.obj)”或在“E:\shaw\test\QCefBrowser\Debug\libcef_dll_wrapper.pdb”中寻找)；正在链接对象，如同没有调试信息一样
libcef_dll_wrapperd.lib(callback_ctocpp.obj) : warning LNK4099: 未找到 PDB“libcef_dll_wrapper.pdb”(使用“libcef_dll_wrapperd.lib(callback_ctocpp.obj)”或在“E:\shaw\test\QCefBrowser\Debug\libcef_dll_wrapper.pdb”中寻找)；正在链接对象，如同没有调试信息一样
libcef_dll_wrapperd.lib(command_line_ctocpp.obj) : warning LNK4099: 未找到 PDB“libcef_dll_wrapper.pdb”(使用“libcef_dll_wrapperd.lib(command_line_ctocpp.obj)”或在“E:\shaw\test\QCefBrowser\Debug\libcef_dll_wrapper.pdb”中寻找)；正在链接对象，如同没有调试信息一样
libcef_dll_wrapperd.lib(context_menu_params_ctocpp.obj) : warning LNK4099: 未找到 PDB“libcef_dll_wrapper.pdb”(使用“libcef_dll_wrapperd.lib(context_menu_params_ctocpp.obj)”或在“E:\shaw\test\QCefBrowser\Debug\libcef_dll_wrapper.pdb”中寻找)；正在链接对象，如同没有调试信息一样
libcef_dll_wrapperd.lib(cookie_manager_ctocpp.obj) : warning LNK4099: 未找到 PDB“libcef_dll_wrapper.pdb”(使用“libcef_dll_wrapperd.lib(cookie_manager_ctocpp.obj)”或在“E:\shaw\test\QCefBrowser\Debug\libcef_dll_wrapper.pdb”中寻找)；正在链接对象，如同没有调试信息一样
libcef_dll_wrapperd.lib(dictionary_value_ctocpp.obj) : warning LNK4099: 未找到 PDB“libcef_dll_wrapper.pdb”(使用“libcef_dll_wrapperd.lib(dictionary_value_ctocpp.obj)”或在“E:\shaw\test\QCefBrowser\Debug\libcef_dll_wrapper.pdb”中寻找)；正在链接对象，如同没有调试信息一样
libcef_dll_wrapperd.lib(domdocument_ctocpp.obj) : warning LNK4099: 未找到 PDB“libcef_dll_wrapper.pdb”(使用“libcef_dll_wrapperd.lib(domdocument_ctocpp.obj)”或在“E:\shaw\test\QCefBrowser\Debug\libcef_dll_wrapper.pdb”中寻找)；正在链接对象，如同没有调试信息一样
libcef_dll_wrapperd.lib(domnode_ctocpp.obj) : warning LNK4099: 未找到 PDB“libcef_dll_wrapper.pdb”(使用“libcef_dll_wrapperd.lib(domnode_ctocpp.obj)”或在“E:\shaw\test\QCefBrowser\Debug\libcef_dll_wrapper.pdb”中寻找)；正在链接对象，如同没有调试信息一样
libcef_dll_wrapperd.lib(download_item_callback_ctocpp.obj) : warning LNK4099: 未找到 PDB“libcef_dll_wrapper.pdb”(使用“libcef_dll_wrapperd.lib(download_item_callback_ctocpp.obj)”或在“E:\shaw\test\QCefBrowser\Debug\libcef_dll_wrapper.pdb”中寻找)；正在链接对象，如同没有调试信息一样
libcef_dll_wrapperd.lib(download_item_ctocpp.obj) : warning LNK4099: 未找到 PDB“libcef_dll_wrapper.pdb”(使用“libcef_dll_wrapperd.lib(download_item_ctocpp.obj)”或在“E:\shaw\test\QCefBrowser\Debug\libcef_dll_wrapper.pdb”中寻找)；正在链接对象，如同没有调试信息一样
libcef_dll_wrapperd.lib(drag_data_ctocpp.obj) : warning LNK4099: 未找到 PDB“libcef_dll_wrapper.pdb”(使用“libcef_dll_wrapperd.lib(drag_data_ctocpp.obj)”或在“E:\shaw\test\QCefBrowser\Debug\libcef_dll_wrapper.pdb”中寻找)；正在链接对象，如同没有调试信息一样
libcef_dll_wrapperd.lib(extension_ctocpp.obj) : warning LNK4099: 未找到 PDB“libcef_dll_wrapper.pdb”(使用“libcef_dll_wrapperd.lib(extension_ctocpp.obj)”或在“E:\shaw\test\QCefBrowser\Debug\libcef_dll_wrapper.pdb”中寻找)；正在链接对象，如同没有调试信息一样
libcef_dll_wrapperd.lib(file_dialog_callback_ctocpp.obj) : warning LNK4099: 未找到 PDB“libcef_dll_wrapper.pdb”(使用“libcef_dll_wrapperd.lib(file_dialog_callback_ctocpp.obj)”或在“E:\shaw\test\QCefBrowser\Debug\libcef_dll_wrapper.pdb”中寻找)；正在链接对象，如同没有调试信息一样
libcef_dll_wrapperd.lib(frame_ctocpp.obj) : warning LNK4099: 未找到 PDB“libcef_dll_wrapper.pdb”(使用“libcef_dll_wrapperd.lib(frame_ctocpp.obj)”或在“E:\shaw\test\QCefBrowser\Debug\libcef_dll_wrapper.pdb”中寻找)；正在链接对象，如同没有调试信息一样
libcef_dll_wrapperd.lib(geolocation_callback_ctocpp.obj) : warning LNK4099: 未找到 PDB“libcef_dll_wrapper.pdb”(使用“libcef_dll_wrapperd.lib(geolocation_callback_ctocpp.obj)”或在“E:\shaw\test\QCefBrowser\Debug\libcef_dll_wrapper.pdb”中寻找)；正在链接对象，如同没有调试信息一样
libcef_dll_wrapperd.lib(get_extension_resource_callback_ctocpp.obj) : warning LNK4099: 未找到 PDB“libcef_dll_wrapper.pdb”(使用“libcef_dll_wrapperd.lib(get_extension_resource_callback_ctocpp.obj)”或在“E:\shaw\test\QCefBrowser\Debug\libcef_dll_wrapper.pdb”中寻找)；正在链接对象，如同没有调试信息一样
libcef_dll_wrapperd.lib(image_ctocpp.obj) : warning LNK4099: 未找到 PDB“libcef_dll_wrapper.pdb”(使用“libcef_dll_wrapperd.lib(image_ctocpp.obj)”或在“E:\shaw\test\QCefBrowser\Debug\libcef_dll_wrapper.pdb”中寻找)；正在链接对象，如同没有调试信息一样
libcef_dll_wrapperd.lib(jsdialog_callback_ctocpp.obj) : warning LNK4099: 未找到 PDB“libcef_dll_wrapper.pdb”(使用“libcef_dll_wrapperd.lib(jsdialog_callback_ctocpp.obj)”或在“E:\shaw\test\QCefBrowser\Debug\libcef_dll_wrapper.pdb”中寻找)；正在链接对象，如同没有调试信息一样
libcef_dll_wrapperd.lib(list_value_ctocpp.obj) : warning LNK4099: 未找到 PDB“libcef_dll_wrapper.pdb”(使用“libcef_dll_wrapperd.lib(list_value_ctocpp.obj)”或在“E:\shaw\test\QCefBrowser\Debug\libcef_dll_wrapper.pdb”中寻找)；正在链接对象，如同没有调试信息一样
libcef_dll_wrapperd.lib(menu_model_ctocpp.obj) : warning LNK4099: 未找到 PDB“libcef_dll_wrapper.pdb”(使用“libcef_dll_wrapperd.lib(menu_model_ctocpp.obj)”或在“E:\shaw\test\QCefBrowser\Debug\libcef_dll_wrapper.pdb”中寻找)；正在链接对象，如同没有调试信息一样
libcef_dll_wrapperd.lib(navigation_entry_ctocpp.obj) : warning LNK4099: 未找到 PDB“libcef_dll_wrapper.pdb”(使用“libcef_dll_wrapperd.lib(navigation_entry_ctocpp.obj)”或在“E:\shaw\test\QCefBrowser\Debug\libcef_dll_wrapper.pdb”中寻找)；正在链接对象，如同没有调试信息一样
libcef_dll_wrapperd.lib(post_data_ctocpp.obj) : warning LNK4099: 未找到 PDB“libcef_dll_wrapper.pdb”(使用“libcef_dll_wrapperd.lib(post_data_ctocpp.obj)”或在“E:\shaw\test\QCefBrowser\Debug\libcef_dll_wrapper.pdb”中寻找)；正在链接对象，如同没有调试信息一样
libcef_dll_wrapperd.lib(post_data_element_ctocpp.obj) : warning LNK4099: 未找到 PDB“libcef_dll_wrapper.pdb”(使用“libcef_dll_wrapperd.lib(post_data_element_ctocpp.obj)”或在“E:\shaw\test\QCefBrowser\Debug\libcef_dll_wrapper.pdb”中寻找)；正在链接对象，如同没有调试信息一样
libcef_dll_wrapperd.lib(print_dialog_callback_ctocpp.obj) : warning LNK4099: 未找到 PDB“libcef_dll_wrapper.pdb”(使用“libcef_dll_wrapperd.lib(print_dialog_callback_ctocpp.obj)”或在“E:\shaw\test\QCefBrowser\Debug\libcef_dll_wrapper.pdb”中寻找)；正在链接对象，如同没有调试信息一样
libcef_dll_wrapperd.lib(print_job_callback_ctocpp.obj) : warning LNK4099: 未找到 PDB“libcef_dll_wrapper.pdb”(使用“libcef_dll_wrapperd.lib(print_job_callback_ctocpp.obj)”或在“E:\shaw\test\QCefBrowser\Debug\libcef_dll_wrapper.pdb”中寻找)；正在链接对象，如同没有调试信息一样
libcef_dll_wrapperd.lib(print_settings_ctocpp.obj) : warning LNK4099: 未找到 PDB“libcef_dll_wrapper.pdb”(使用“libcef_dll_wrapperd.lib(print_settings_ctocpp.obj)”或在“E:\shaw\test\QCefBrowser\Debug\libcef_dll_wrapper.pdb”中寻找)；正在链接对象，如同没有调试信息一样
libcef_dll_wrapperd.lib(process_message_ctocpp.obj) : warning LNK4099: 未找到 PDB“libcef_dll_wrapper.pdb”(使用“libcef_dll_wrapperd.lib(process_message_ctocpp.obj)”或在“E:\shaw\test\QCefBrowser\Debug\libcef_dll_wrapper.pdb”中寻找)；正在链接对象，如同没有调试信息一样
libcef_dll_wrapperd.lib(request_callback_ctocpp.obj) : warning LNK4099: 未找到 PDB“libcef_dll_wrapper.pdb”(使用“libcef_dll_wrapperd.lib(request_callback_ctocpp.obj)”或在“E:\shaw\test\QCefBrowser\Debug\libcef_dll_wrapper.pdb”中寻找)；正在链接对象，如同没有调试信息一样
libcef_dll_wrapperd.lib(request_context_ctocpp.obj) : warning LNK4099: 未找到 PDB“libcef_dll_wrapper.pdb”(使用“libcef_dll_wrapperd.lib(request_context_ctocpp.obj)”或在“E:\shaw\test\QCefBrowser\Debug\libcef_dll_wrapper.pdb”中寻找)；正在链接对象，如同没有调试信息一样
libcef_dll_wrapperd.lib(request_ctocpp.obj) : warning LNK4099: 未找到 PDB“libcef_dll_wrapper.pdb”(使用“libcef_dll_wrapperd.lib(request_ctocpp.obj)”或在“E:\shaw\test\QCefBrowser\Debug\libcef_dll_wrapper.pdb”中寻找)；正在链接对象，如同没有调试信息一样
libcef_dll_wrapperd.lib(response_ctocpp.obj) : warning LNK4099: 未找到 PDB“libcef_dll_wrapper.pdb”(使用“libcef_dll_wrapperd.lib(response_ctocpp.obj)”或在“E:\shaw\test\QCefBrowser\Debug\libcef_dll_wrapper.pdb”中寻找)；正在链接对象，如同没有调试信息一样
libcef_dll_wrapperd.lib(run_context_menu_callback_ctocpp.obj) : warning LNK4099: 未找到 PDB“libcef_dll_wrapper.pdb”(使用“libcef_dll_wrapperd.lib(run_context_menu_callback_ctocpp.obj)”或在“E:\shaw\test\QCefBrowser\Debug\libcef_dll_wrapper.pdb”中寻找)；正在链接对象，如同没有调试信息一样
libcef_dll_wrapperd.lib(scheme_registrar_ctocpp.obj) : warning LNK4099: 未找到 PDB“libcef_dll_wrapper.pdb”(使用“libcef_dll_wrapperd.lib(scheme_registrar_ctocpp.obj)”或在“E:\shaw\test\QCefBrowser\Debug\libcef_dll_wrapper.pdb”中寻找)；正在链接对象，如同没有调试信息一样
libcef_dll_wrapperd.lib(select_client_certificate_callback_ctocpp.obj) : warning LNK4099: 未找到 PDB“libcef_dll_wrapper.pdb”(使用“libcef_dll_wrapperd.lib(select_client_certificate_callback_ctocpp.obj)”或在“E:\shaw\test\QCefBrowser\Debug\libcef_dll_wrapper.pdb”中寻找)；正在链接对象，如同没有调试信息一样
libcef_dll_wrapperd.lib(sslinfo_ctocpp.obj) : warning LNK4099: 未找到 PDB“libcef_dll_wrapper.pdb”(使用“libcef_dll_wrapperd.lib(sslinfo_ctocpp.obj)”或在“E:\shaw\test\QCefBrowser\Debug\libcef_dll_wrapper.pdb”中寻找)；正在链接对象，如同没有调试信息一样
libcef_dll_wrapperd.lib(sslstatus_ctocpp.obj) : warning LNK4099: 未找到 PDB“libcef_dll_wrapper.pdb”(使用“libcef_dll_wrapperd.lib(sslstatus_ctocpp.obj)”或在“E:\shaw\test\QCefBrowser\Debug\libcef_dll_wrapper.pdb”中寻找)；正在链接对象，如同没有调试信息一样
libcef_dll_wrapperd.lib(stream_reader_ctocpp.obj) : warning LNK4099: 未找到 PDB“libcef_dll_wrapper.pdb”(使用“libcef_dll_wrapperd.lib(stream_reader_ctocpp.obj)”或在“E:\shaw\test\QCefBrowser\Debug\libcef_dll_wrapper.pdb”中寻找)；正在链接对象，如同没有调试信息一样
libcef_dll_wrapperd.lib(stream_writer_ctocpp.obj) : warning LNK4099: 未找到 PDB“libcef_dll_wrapper.pdb”(使用“libcef_dll_wrapperd.lib(stream_writer_ctocpp.obj)”或在“E:\shaw\test\QCefBrowser\Debug\libcef_dll_wrapper.pdb”中寻找)；正在链接对象，如同没有调试信息一样
libcef_dll_wrapperd.lib(task_runner_ctocpp.obj) : warning LNK4099: 未找到 PDB“libcef_dll_wrapper.pdb”(使用“libcef_dll_wrapperd.lib(task_runner_ctocpp.obj)”或在“E:\shaw\test\QCefBrowser\Debug\libcef_dll_wrapper.pdb”中寻找)；正在链接对象，如同没有调试信息一样
libcef_dll_wrapperd.lib(v8context_ctocpp.obj) : warning LNK4099: 未找到 PDB“libcef_dll_wrapper.pdb”(使用“libcef_dll_wrapperd.lib(v8context_ctocpp.obj)”或在“E:\shaw\test\QCefBrowser\Debug\libcef_dll_wrapper.pdb”中寻找)；正在链接对象，如同没有调试信息一样
libcef_dll_wrapperd.lib(v8exception_ctocpp.obj) : warning LNK4099: 未找到 PDB“libcef_dll_wrapper.pdb”(使用“libcef_dll_wrapperd.lib(v8exception_ctocpp.obj)”或在“E:\shaw\test\QCefBrowser\Debug\libcef_dll_wrapper.pdb”中寻找)；正在链接对象，如同没有调试信息一样
libcef_dll_wrapperd.lib(v8stack_frame_ctocpp.obj) : warning LNK4099: 未找到 PDB“libcef_dll_wrapper.pdb”(使用“libcef_dll_wrapperd.lib(v8stack_frame_ctocpp.obj)”或在“E:\shaw\test\QCefBrowser\Debug\libcef_dll_wrapper.pdb”中寻找)；正在链接对象，如同没有调试信息一样
libcef_dll_wrapperd.lib(v8stack_trace_ctocpp.obj) : warning LNK4099: 未找到 PDB“libcef_dll_wrapper.pdb”(使用“libcef_dll_wrapperd.lib(v8stack_trace_ctocpp.obj)”或在“E:\shaw\test\QCefBrowser\Debug\libcef_dll_wrapper.pdb”中寻找)；正在链接对象，如同没有调试信息一样
libcef_dll_wrapperd.lib(v8value_ctocpp.obj) : warning LNK4099: 未找到 PDB“libcef_dll_wrapper.pdb”(使用“libcef_dll_wrapperd.lib(v8value_ctocpp.obj)”或在“E:\shaw\test\QCefBrowser\Debug\libcef_dll_wrapper.pdb”中寻找)；正在链接对象，如同没有调试信息一样
libcef_dll_wrapperd.lib(value_ctocpp.obj) : warning LNK4099: 未找到 PDB“libcef_dll_wrapper.pdb”(使用“libcef_dll_wrapperd.lib(value_ctocpp.obj)”或在“E:\shaw\test\QCefBrowser\Debug\libcef_dll_wrapper.pdb”中寻找)；正在链接对象，如同没有调试信息一样
libcef_dll_wrapperd.lib(web_plugin_info_ctocpp.obj) : warning LNK4099: 未找到 PDB“libcef_dll_wrapper.pdb”(使用“libcef_dll_wrapperd.lib(web_plugin_info_ctocpp.obj)”或在“E:\shaw\test\QCefBrowser\Debug\libcef_dll_wrapper.pdb”中寻找)；正在链接对象，如同没有调试信息一样
libcef_dll_wrapperd.lib(x509cert_principal_ctocpp.obj) : warning LNK4099: 未找到 PDB“libcef_dll_wrapper.pdb”(使用“libcef_dll_wrapperd.lib(x509cert_principal_ctocpp.obj)”或在“E:\shaw\test\QCefBrowser\Debug\libcef_dll_wrapper.pdb”中寻找)；正在链接对象，如同没有调试信息一样
libcef_dll_wrapperd.lib(x509certificate_ctocpp.obj) : warning LNK4099: 未找到 PDB“libcef_dll_wrapper.pdb”(使用“libcef_dll_wrapperd.lib(x509certificate_ctocpp.obj)”或在“E:\shaw\test\QCefBrowser\Debug\libcef_dll_wrapper.pdb”中寻找)；正在链接对象，如同没有调试信息一样
libcef_dll_wrapperd.lib(cef_closure_task.obj) : warning LNK4099: 未找到 PDB“libcef_dll_wrapper.pdb”(使用“libcef_dll_wrapperd.lib(cef_closure_task.obj)”或在“E:\shaw\test\QCefBrowser\Debug\libcef_dll_wrapper.pdb”中寻找)；正在链接对象，如同没有调试信息一样
libcef_dll_wrapperd.lib(libcef_dll_wrapper.obj) : warning LNK4099: 未找到 PDB“libcef_dll_wrapper.pdb”(使用“libcef_dll_wrapperd.lib(libcef_dll_wrapper.obj)”或在“E:\shaw\test\QCefBrowser\Debug\libcef_dll_wrapper.pdb”中寻找)；正在链接对象，如同没有调试信息一样
  QCefBrowser.vcxproj -> E:\shaw\test\QCefBrowser\Debug\QCefBrowser.exe
