e:\shaw\qcefbrowser\qcefbrowser\debug\qcefbrowser.obj
e:\shaw\qcefbrowser\qcefbrowser\debug\main.obj
e:\shaw\qcefbrowser\qcefbrowser\debug\moc_qcefbrowser.obj
e:\shaw\qcefbrowser\qcefbrowser\debug\qrc_qcefbrowser.obj
e:\shaw\qcefbrowser\qcefbrowser\debug\cefbrowser.obj
e:\shaw\qcefbrowser\qcefbrowser\debug\myrenderprocesshandler.obj
e:\shaw\qcefbrowser\qcefbrowser\debug\qcefwebview.obj
e:\shaw\qcefbrowser\qcefbrowser\debug\cefbrowserhandlerimp.obj
e:\shaw\qcefbrowser\qcefbrowser\debug\myv8handler.obj
e:\shaw\qcefbrowser\qcefbrowser\debug\cefappimp.obj
e:\shaw\qcefbrowser\qcefbrowser\debug\moc_mainwindow.obj
e:\shaw\qcefbrowser\qcefbrowser\debug\moc_cefbrowserhandlerimp.obj
e:\shaw\qcefbrowser\qcefbrowser\debug\moc_qcefwebview.obj
e:\shaw\qcefbrowser\qcefbrowser\debug\vc141.pdb
e:\shaw\qcefbrowser\qcefbrowser\debug\mainwindow.obj
e:\shaw\qcefbrowser\debug\qcefbrowser.exe
e:\shaw\qcefbrowser\debug\qcefbrowser.ilk
e:\shaw\qcefbrowser\debug\qcefbrowser.pdb
e:\shaw\qcefbrowser\qcefbrowser\debug\moc\moc_qcefbrowser.cpp
e:\shaw\qcefbrowser\qcefbrowser\debug\moc\moc_qcefwebview.cpp
e:\shaw\qcefbrowser\qcefbrowser\debug\moc\moc_cefbrowserhandlerimp.cpp
e:\shaw\qcefbrowser\qcefbrowser\debug\moc\moc_mainwindow.cpp
e:\shaw\qcefbrowser\qcefbrowser\debug\uic\ui_qcefbrowser.h
e:\shaw\qcefbrowser\qcefbrowser\debug\rcc\qrc_qcefbrowser.cpp
e:\shaw\qcefbrowser\qcefbrowser\debug\uic\ui_mainwindow.h
e:\shaw\qcefbrowser\debug\qcefbrowser.lib
e:\shaw\qcefbrowser\debug\qcefbrowser.exp
e:\shaw\qcefbrowser\qcefbrowser\debug\qcefbrowser.tlog\cl.command.1.tlog
e:\shaw\qcefbrowser\qcefbrowser\debug\qcefbrowser.tlog\cl.read.1.tlog
e:\shaw\qcefbrowser\qcefbrowser\debug\qcefbrowser.tlog\cl.write.1.tlog
e:\shaw\qcefbrowser\qcefbrowser\debug\qcefbrowser.tlog\link.command.1.tlog
e:\shaw\qcefbrowser\qcefbrowser\debug\qcefbrowser.tlog\link.read.1.tlog
e:\shaw\qcefbrowser\qcefbrowser\debug\qcefbrowser.tlog\link.write.1.tlog
e:\shaw\qcefbrowser\qcefbrowser\debug\qcefbrowser.tlog\moc.read.1u.tlog
e:\shaw\qcefbrowser\qcefbrowser\debug\qcefbrowser.tlog\moc.write.1u.tlog
e:\shaw\qcefbrowser\qcefbrowser\debug\qcefbrowser.tlog\qcefbrowser.write.1u.tlog
e:\shaw\qcefbrowser\qcefbrowser\debug\qcefbrowser.tlog\rcc.read.1u.tlog
e:\shaw\qcefbrowser\qcefbrowser\debug\qcefbrowser.tlog\rcc.write.1u.tlog
e:\shaw\qcefbrowser\qcefbrowser\debug\qcefbrowser.tlog\uic.read.1u.tlog
e:\shaw\qcefbrowser\qcefbrowser\debug\qcefbrowser.tlog\uic.write.1u.tlog
