[1207/111645.077:INFO:CONSOLE(2)] "Synchronous XMLHttpRequest on the main thread is deprecated because of its detrimental effects to the end user's experience. For more help, check https://xhr.spec.whatwg.org/.", source: http://37.64.0.70/static/js/jquery-3.4.1.min.js (2)
[1207/111645.077:ERROR:service_manager.cc(157)] Connection InterfaceProviderSpec prevented service: content_renderer from binding interface: blink::mojom::ReportingServiceProxy exposed by: content_browser
[1207/111649.340:INFO:CONSOLE(1)] "vsdata loaded!", source: http://37.64.0.70/static/js/videoscene.js (1)
[1207/140813.466:ERROR:service_manager.cc(157)] Connection InterfaceProviderSpec prevented service: content_renderer from binding interface: blink::mojom::ReportingServiceProxy exposed by: content_browser
[1207/140813.472:INFO:CONSOLE(2)] "Synchronous XMLHttpRequest on the main thread is deprecated because of its detrimental effects to the end user's experience. For more help, check https://xhr.spec.whatwg.org/.", source: http://37.64.0.70/static/js/jquery-3.4.1.min.js (2)
[1207/140817.453:INFO:CONSOLE(1)] "vsdata loaded!", source: http://37.64.0.70/static/js/videoscene.js (1)
[0702/101819.068:INFO:CONSOLE(1)] "Uncaught ReferenceError: CppToJs is not defined", source: file:///E:/shaw/QCefBrowser/Release/test2.html (1)
[0702/101910.578:INFO:CONSOLE(1)] "Uncaught ReferenceError: CppToJs is not defined", source: file:///E:/shaw/QCefBrowser/Release/test2.html (1)
[0702/101912.672:INFO:CONSOLE(1)] "Uncaught ReferenceError: CppToJs is not defined", source: file:///E:/shaw/QCefBrowser/Release/test2.html (1)
[0702/101912.857:INFO:CONSOLE(1)] "Uncaught ReferenceError: CppToJs is not defined", source: file:///E:/shaw/QCefBrowser/Release/test2.html (1)
[0702/101915.034:INFO:CONSOLE(1)] "Uncaught ReferenceError: CppToJs is not defined", source: file:///E:/shaw/QCefBrowser/Release/test2.html (1)
[0702/103740.957:INFO:CONSOLE(1)] "Uncaught ReferenceError: CppToJs is not defined", source: file:///E:/shaw/QCefBrowser/Release/test2.html (1)
[0702/103741.508:INFO:CONSOLE(1)] "Uncaught ReferenceError: CppToJs is not defined", source: file:///E:/shaw/QCefBrowser/Release/test2.html (1)
[0702/103741.725:INFO:CONSOLE(1)] "Uncaught ReferenceError: CppToJs is not defined", source: file:///E:/shaw/QCefBrowser/Release/test2.html (1)
[0702/103744.275:INFO:CONSOLE(1)] "Uncaught ReferenceError: CppToJs is not defined", source: file:///E:/shaw/QCefBrowser/Release/test2.html (1)
[0702/103744.455:INFO:CONSOLE(1)] "Uncaught ReferenceError: CppToJs is not defined", source: file:///E:/shaw/QCefBrowser/Release/test2.html (1)
[0702/103744.601:INFO:CONSOLE(1)] "Uncaught ReferenceError: CppToJs is not defined", source: file:///E:/shaw/QCefBrowser/Release/test2.html (1)
[0702/103745.701:INFO:CONSOLE(1)] "Uncaught ReferenceError: CppToJs is not defined", source: file:///E:/shaw/QCefBrowser/Release/test2.html (1)
[0702/103745.894:INFO:CONSOLE(1)] "Uncaught ReferenceError: CppToJs is not defined", source: file:///E:/shaw/QCefBrowser/Release/test2.html (1)
[0702/103746.058:INFO:CONSOLE(1)] "Uncaught ReferenceError: CppToJs is not defined", source: file:///E:/shaw/QCefBrowser/Release/test2.html (1)
[0702/103746.233:INFO:CONSOLE(1)] "Uncaught ReferenceError: CppToJs is not defined", source: file:///E:/shaw/QCefBrowser/Release/test2.html (1)
[0702/103746.795:INFO:CONSOLE(1)] "Uncaught ReferenceError: CppToJs is not defined", source: file:///E:/shaw/QCefBrowser/Release/test2.html (1)
[0702/103746.952:INFO:CONSOLE(1)] "Uncaught ReferenceError: CppToJs is not defined", source: file:///E:/shaw/QCefBrowser/Release/test2.html (1)
[0702/103747.113:INFO:CONSOLE(1)] "Uncaught ReferenceError: CppToJs is not defined", source: file:///E:/shaw/QCefBrowser/Release/test2.html (1)
[0702/103747.290:INFO:CONSOLE(1)] "Uncaught ReferenceError: CppToJs is not defined", source: file:///E:/shaw/QCefBrowser/Release/test2.html (1)
[0702/103747.731:INFO:CONSOLE(1)] "Uncaught ReferenceError: CppToJs is not defined", source: file:///E:/shaw/QCefBrowser/Release/test2.html (1)
[0702/103747.913:INFO:CONSOLE(1)] "Uncaught ReferenceError: CppToJs is not defined", source: file:///E:/shaw/QCefBrowser/Release/test2.html (1)
[0702/103749.500:INFO:CONSOLE(1)] "Uncaught ReferenceError: CppToJs is not defined", source: file:///E:/shaw/QCefBrowser/Release/test2.html (1)
[0702/103752.598:INFO:CONSOLE(1)] "Uncaught ReferenceError: CppToJs is not defined", source: file:///E:/shaw/QCefBrowser/Release/test2.html (1)
[0702/103943.755:INFO:CONSOLE(222)] "每一个星球都有一个驱动核心，
每一种思想都有影响力的种子。
感受世界的温度，
年轻的你也能成为改变世界的动力，
百度珍惜你所有的潜力。
你的潜力，是改变世界的动力！

", source: https://ss1.bdstatic.com/5eN1bjq8AAUYm2zgoY3K/r/www/cache/static/protocol/https/global/js/all_async_search_df0e741.js (222)
[0702/103943.755:INFO:CONSOLE(222)] "%c百度2021校园招聘简历投递：https://talent.baidu.com/external/baidu/campus.html", source: https://ss1.bdstatic.com/5eN1bjq8AAUYm2zgoY3K/r/www/cache/static/protocol/https/global/js/all_async_search_df0e741.js (222)
[0702/103945.182:INFO:CONSOLE(1)] "Uncaught ReferenceError: CppToJs is not defined", source: file:///E:/shaw/QCefBrowser/Release/test.html (1)
[0702/103945.691:INFO:CONSOLE(1)] "Uncaught ReferenceError: CppToJs is not defined", source: file:///E:/shaw/QCefBrowser/Release/test.html (1)
[0702/103945.885:INFO:CONSOLE(1)] "Uncaught ReferenceError: CppToJs is not defined", source: file:///E:/shaw/QCefBrowser/Release/test.html (1)
[0702/103947.250:INFO:CONSOLE(1)] "Uncaught ReferenceError: CppToJs is not defined", source: file:///E:/shaw/QCefBrowser/Release/test2.html (1)
[0702/103947.433:INFO:CONSOLE(1)] "Uncaught ReferenceError: CppToJs is not defined", source: file:///E:/shaw/QCefBrowser/Release/test2.html (1)
[0702/103948.846:INFO:CONSOLE(1)] "Uncaught ReferenceError: CppToJs is not defined", source: file:///E:/shaw/QCefBrowser/Release/test2.html (1)
[0702/110259.923:INFO:CONSOLE(222)] "每一个星球都有一个驱动核心，
每一种思想都有影响力的种子。
感受世界的温度，
年轻的你也能成为改变世界的动力，
百度珍惜你所有的潜力。
你的潜力，是改变世界的动力！

", source: https://ss1.bdstatic.com/5eN1bjq8AAUYm2zgoY3K/r/www/cache/static/protocol/https/global/js/all_async_search_df0e741.js (222)
[0702/110259.924:INFO:CONSOLE(222)] "%c百度2021校园招聘简历投递：https://talent.baidu.com/external/baidu/campus.html", source: https://ss1.bdstatic.com/5eN1bjq8AAUYm2zgoY3K/r/www/cache/static/protocol/https/global/js/all_async_search_df0e741.js (222)
[0702/110317.145:INFO:CONSOLE(1)] "Uncaught ReferenceError: CppToJs is not defined", source: file:///E:/shaw/QCefBrowser/Release/test.html (1)
[0702/110317.146:INFO:CONSOLE(1)] "Uncaught ReferenceError: CppToJs is not defined", source: file:///E:/shaw/QCefBrowser/Release/test.html (1)
[0702/110317.324:INFO:CONSOLE(1)] "Uncaught ReferenceError: CppToJs is not defined", source: file:///E:/shaw/QCefBrowser/Release/test.html (1)
[0702/110317.324:INFO:CONSOLE(1)] "Uncaught ReferenceError: CppToJs is not defined", source: file:///E:/shaw/QCefBrowser/Release/test.html (1)
[0702/110317.691:INFO:CONSOLE(1)] "Uncaught ReferenceError: CppToJs is not defined", source: file:///E:/shaw/QCefBrowser/Release/test.html (1)
[0702/110317.691:INFO:CONSOLE(1)] "Uncaught ReferenceError: CppToJs is not defined", source: file:///E:/shaw/QCefBrowser/Release/test.html (1)
[0702/110319.504:INFO:CONSOLE(1)] "Uncaught ReferenceError: CppToJs is not defined", source: file:///E:/shaw/QCefBrowser/Release/test.html (1)
[0702/110319.504:INFO:CONSOLE(1)] "Uncaught ReferenceError: CppToJs is not defined", source: file:///E:/shaw/QCefBrowser/Release/test.html (1)
[0702/110319.979:INFO:CONSOLE(1)] "Uncaught ReferenceError: CppToJs is not defined", source: file:///E:/shaw/QCefBrowser/Release/test.html (1)
[0702/110319.980:INFO:CONSOLE(1)] "Uncaught ReferenceError: CppToJs is not defined", source: file:///E:/shaw/QCefBrowser/Release/test.html (1)
[0702/110320.148:INFO:CONSOLE(1)] "Uncaught ReferenceError: CppToJs is not defined", source: file:///E:/shaw/QCefBrowser/Release/test.html (1)
[0702/110320.149:INFO:CONSOLE(1)] "Uncaught ReferenceError: CppToJs is not defined", source: file:///E:/shaw/QCefBrowser/Release/test.html (1)
[0702/110320.288:INFO:CONSOLE(1)] "Uncaught ReferenceError: CppToJs is not defined", source: file:///E:/shaw/QCefBrowser/Release/test.html (1)
[0702/110320.289:INFO:CONSOLE(1)] "Uncaught ReferenceError: CppToJs is not defined", source: file:///E:/shaw/QCefBrowser/Release/test.html (1)
[0702/110320.460:INFO:CONSOLE(1)] "Uncaught ReferenceError: CppToJs is not defined", source: file:///E:/shaw/QCefBrowser/Release/test.html (1)
[0702/110320.460:INFO:CONSOLE(1)] "Uncaught ReferenceError: CppToJs is not defined", source: file:///E:/shaw/QCefBrowser/Release/test.html (1)
[0702/110324.250:INFO:CONSOLE(1)] "Uncaught ReferenceError: CppToJs is not defined", source: file:///E:/shaw/QCefBrowser/Release/test.html (1)
[0702/110324.250:INFO:CONSOLE(1)] "Uncaught ReferenceError: CppToJs is not defined", source: file:///E:/shaw/QCefBrowser/Release/test.html (1)
[0702/110324.428:INFO:CONSOLE(1)] "Uncaught ReferenceError: CppToJs is not defined", source: file:///E:/shaw/QCefBrowser/Release/test.html (1)
[0702/110324.430:INFO:CONSOLE(1)] "Uncaught ReferenceError: CppToJs is not defined", source: file:///E:/shaw/QCefBrowser/Release/test.html (1)
[0702/110324.590:INFO:CONSOLE(1)] "Uncaught ReferenceError: CppToJs is not defined", source: file:///E:/shaw/QCefBrowser/Release/test.html (1)
[0702/110324.591:INFO:CONSOLE(1)] "Uncaught ReferenceError: CppToJs is not defined", source: file:///E:/shaw/QCefBrowser/Release/test.html (1)
[0702/110324.940:INFO:CONSOLE(1)] "Uncaught ReferenceError: CppToJs is not defined", source: file:///E:/shaw/QCefBrowser/Release/test.html (1)
[0702/110324.941:INFO:CONSOLE(1)] "Uncaught ReferenceError: CppToJs is not defined", source: file:///E:/shaw/QCefBrowser/Release/test.html (1)
[0702/110325.108:INFO:CONSOLE(1)] "Uncaught ReferenceError: CppToJs is not defined", source: file:///E:/shaw/QCefBrowser/Release/test.html (1)
[0702/110325.109:INFO:CONSOLE(1)] "Uncaught ReferenceError: CppToJs is not defined", source: file:///E:/shaw/QCefBrowser/Release/test.html (1)
[0702/110325.626:INFO:CONSOLE(1)] "Uncaught ReferenceError: CppToJs is not defined", source: file:///E:/shaw/QCefBrowser/Release/test.html (1)
[0702/110325.627:INFO:CONSOLE(1)] "Uncaught ReferenceError: CppToJs is not defined", source: file:///E:/shaw/QCefBrowser/Release/test.html (1)
[0702/110331.139:INFO:CONSOLE(1)] "Uncaught ReferenceError: CppToJs is not defined", source: file:///E:/shaw/QCefBrowser/Release/test.html (1)
[0702/110331.139:INFO:CONSOLE(1)] "Uncaught ReferenceError: CppToJs is not defined", source: file:///E:/shaw/QCefBrowser/Release/test.html (1)
[0702/110333.356:INFO:CONSOLE(1)] "Uncaught ReferenceError: CppToJs is not defined", source: file:///E:/shaw/QCefBrowser/Release/test.html (1)
[0702/110333.357:INFO:CONSOLE(1)] "Uncaught ReferenceError: CppToJs is not defined", source: file:///E:/shaw/QCefBrowser/Release/test.html (1)
[0702/110333.594:INFO:CONSOLE(1)] "Uncaught ReferenceError: CppToJs is not defined", source: file:///E:/shaw/QCefBrowser/Release/test.html (1)
[0702/110333.594:INFO:CONSOLE(1)] "Uncaught ReferenceError: CppToJs is not defined", source: file:///E:/shaw/QCefBrowser/Release/test.html (1)
[0702/110333.971:INFO:CONSOLE(1)] "Uncaught ReferenceError: CppToJs is not defined", source: file:///E:/shaw/QCefBrowser/Release/test.html (1)
[0702/110333.972:INFO:CONSOLE(1)] "Uncaught ReferenceError: CppToJs is not defined", source: file:///E:/shaw/QCefBrowser/Release/test.html (1)
[0702/110334.132:INFO:CONSOLE(1)] "Uncaught ReferenceError: CppToJs is not defined", source: file:///E:/shaw/QCefBrowser/Release/test.html (1)
[0702/110334.133:INFO:CONSOLE(1)] "Uncaught ReferenceError: CppToJs is not defined", source: file:///E:/shaw/QCefBrowser/Release/test.html (1)
[0903/121605.363:INFO:CONSOLE(231)] "每一个星球都有一个驱动核心，
每一种思想都有影响力的种子。
感受世界的温度，
年轻的你也能成为改变世界的动力，
百度珍惜你所有的潜力。
你的潜力，是改变世界的动力！

", source: https://ss1.bdstatic.com/5eN1bjq8AAUYm2zgoY3K/r/www/cache/static/protocol/https/global/js/all_async_search_2e7c91c.js (231)
[0903/121605.369:INFO:CONSOLE(231)] "%c百度2022校园招聘简历投递：https://talent.baidu.com/external/baidu/campus.html", source: https://ss1.bdstatic.com/5eN1bjq8AAUYm2zgoY3K/r/www/cache/static/protocol/https/global/js/all_async_search_2e7c91c.js (231)
